#
# There is insufficient memory for the Java Runtime Environment to continue.
# Native memory allocation (malloc) failed to allocate 509696 bytes. Error detail: Chunk::new
# Possible reasons:
#   The system is out of physical RAM or swap space
#   This process is running with CompressedOops enabled, and the Java Heap may be blocking the growth of the native heap
# Possible solutions:
#   Reduce memory load on the system
#   Increase physical memory or swap space
#   Check if swap backing store is full
#   Decrease Java heap size (-Xmx/-Xms)
#   Decrease number of Java threads
#   Decrease Java thread stack sizes (-Xss)
#   Set larger code cache with -XX:ReservedCodeCacheSize=
#   JVM is running with Unscaled Compressed Oops mode in which the Java heap is
#     placed in the first 4GB address space. The Java Heap base address is the
#     maximum limit for the native heap growth. Please use -XX:HeapBaseMinAddress
#     to set the Java Heap base and to place the Java Heap above 4GB virtual address.
# This output file may be truncated or incomplete.
#
#  Out of Memory Error (arena.cpp:168), pid=15696, tid=19136
#
# JRE version: OpenJDK Runtime Environment Temurin-21.0.4+7 (21.0.4+7) (build 21.0.4+7-LTS)
# Java VM: OpenJDK 64-Bit Server VM Temurin-21.0.4+7 (21.0.4+7-LTS, mixed mode, sharing, tiered, compressed oops, compressed class ptrs, g1 gc, windows-amd64)
# No core dump will be written. Minidumps are not enabled by default on client versions of Windows
#

---------------  S U M M A R Y ------------

Command Line: --add-opens=java.base/java.util=ALL-UNNAMED --add-opens=java.base/java.lang=ALL-UNNAMED --add-opens=java.base/java.lang.invoke=ALL-UNNAMED --add-opens=java.prefs/java.util.prefs=ALL-UNNAMED --add-exports=jdk.compiler/com.sun.tools.javac.api=ALL-UNNAMED --add-exports=jdk.compiler/com.sun.tools.javac.util=ALL-UNNAMED --add-opens=java.base/java.nio.charset=ALL-UNNAMED --add-opens=java.base/java.net=ALL-UNNAMED --add-opens=java.base/java.util.concurrent.atomic=ALL-UNNAMED -XX:MaxMetaspaceSize=384m -XX:+HeapDumpOnOutOfMemoryError -Xms256m -Xmx512m -Dfile.encoding=UTF-8 -Duser.country=ES -Duser.language=es -Duser.variant -javaagent:C:\Users\OSCAR\.gradle\wrapper\dists\gradle-8.10.2-bin\a04bxjujx95o3nb99gddekhwo\gradle-8.10.2\lib\agents\gradle-instrumentation-agent-8.10.2.jar org.gradle.launcher.daemon.bootstrap.GradleDaemon 8.10.2

Host: AMD Ryzen 3 4300U with Radeon Graphics         , 4 cores, 3G,  Windows 11 , 64 bit Build 22621 (10.0.22621.3958)
Time: Wed Oct  2 13:27:43 2024 Hora est. Pacífico, Sudamérica elapsed time: 1538.428596 seconds (0d 0h 25m 38s)

---------------  T H R E A D  ---------------

Current thread (0x000001e4d2feb300):  JavaThread "C2 CompilerThread0" daemon [_thread_in_native, id=19136, stack(0x000000b7c6900000,0x000000b7c6a00000) (1024K)]


Current CompileTask:
C2:1538429 15172       4       org.gradle.cache.internal.btree.BTreePersistentIndexedCache::access$1200 (10 bytes)

Stack: [0x000000b7c6900000,0x000000b7c6a00000]
Native frames: (J=compiled Java code, j=interpreted, Vv=VM code, C=native code)
V  [jvm.dll+0x6cbcf9]
V  [jvm.dll+0x8a5551]
V  [jvm.dll+0x8a7a7e]
V  [jvm.dll+0x8a8153]
V  [jvm.dll+0x27eca6]
V  [jvm.dll+0xc4aad]
V  [jvm.dll+0xc4fe3]
V  [jvm.dll+0x2f1abf]
V  [jvm.dll+0x5f532a]
V  [jvm.dll+0x2501d2]
V  [jvm.dll+0x25058f]
V  [jvm.dll+0x248f54]
V  [jvm.dll+0x2465e4]
V  [jvm.dll+0x1c6f7e]
V  [jvm.dll+0x255e7a]
V  [jvm.dll+0x25441a]
V  [jvm.dll+0x3eeef6]
V  [jvm.dll+0x84f17b]
V  [jvm.dll+0x6ca3fd]
C  [ucrtbase.dll+0x29333]
C  [KERNEL32.DLL+0x1257d]
C  [ntdll.dll+0x5af28]


---------------  P R O C E S S  ---------------

Threads class SMR info:
_java_thread_list=0x000001e4f2c27410, length=49, elements={
0x000001e4b89eead0, 0x000001e4d2fe2340, 0x000001e4d2fe31b0, 0x000001e4d2fe4f80,
0x000001e4d2fe7ca0, 0x000001e4d2fe9b10, 0x000001e4d2fea570, 0x000001e4d2feb300,
0x000001e4d2ffe890, 0x000001e4ec1d4330, 0x000001e4ec3bbf00, 0x000001e4edb719b0,
0x000001e4edb9adc0, 0x000001e4ed183e40, 0x000001e4edc13960, 0x000001e4edc160c0,
0x000001e4edc14d10, 0x000001e4ef52a540, 0x000001e4ef529190, 0x000001e4ef52b260,
0x000001e4ef529820, 0x000001e4ef52b8f0, 0x000001e4ef52bf80, 0x000001e4ef52abd0,
0x000001e4f0ec9480, 0x000001e4f172ee30, 0x000001e4f0ec6d20, 0x000001e4f0ec6690,
0x000001e4efc39d90, 0x000001e4efc389e0, 0x000001e4efc33490, 0x000001e4f0eca830,
0x000001e4f0ecb550, 0x000001e4f0eccf90, 0x000001e4f0ec6000, 0x000001e4f0ec7a40,
0x000001e4f0ec80d0, 0x000001e4f0ecd620, 0x000001e4f0ec8760, 0x000001e4f0ecbbe0,
0x000001e4f0ec8df0, 0x000001e4f0ec9b10, 0x000001e4f0eca1a0, 0x000001e4f0ecaec0,
0x000001e4f0ecc900, 0x000001e4f0ecc270, 0x000001e4f172c6d0, 0x000001e4f172da80,
0x000001e4f172cd60
}

Java Threads: ( => current thread )
  0x000001e4b89eead0 JavaThread "main"                              [_thread_blocked, id=10784, stack(0x000000b7c5b00000,0x000000b7c5c00000) (1024K)]
  0x000001e4d2fe2340 JavaThread "Reference Handler"          daemon [_thread_blocked, id=17616, stack(0x000000b7c6300000,0x000000b7c6400000) (1024K)]
  0x000001e4d2fe31b0 JavaThread "Finalizer"                  daemon [_thread_blocked, id=5944, stack(0x000000b7c6400000,0x000000b7c6500000) (1024K)]
  0x000001e4d2fe4f80 JavaThread "Signal Dispatcher"          daemon [_thread_blocked, id=6904, stack(0x000000b7c6500000,0x000000b7c6600000) (1024K)]
  0x000001e4d2fe7ca0 JavaThread "Attach Listener"            daemon [_thread_blocked, id=10704, stack(0x000000b7c6600000,0x000000b7c6700000) (1024K)]
  0x000001e4d2fe9b10 JavaThread "Service Thread"             daemon [_thread_blocked, id=12476, stack(0x000000b7c6700000,0x000000b7c6800000) (1024K)]
  0x000001e4d2fea570 JavaThread "Monitor Deflation Thread"   daemon [_thread_blocked, id=17272, stack(0x000000b7c6800000,0x000000b7c6900000) (1024K)]
=>0x000001e4d2feb300 JavaThread "C2 CompilerThread0"         daemon [_thread_in_native, id=19136, stack(0x000000b7c6900000,0x000000b7c6a00000) (1024K)]
  0x000001e4d2ffe890 JavaThread "C1 CompilerThread0"         daemon [_thread_in_vm, id=11764, stack(0x000000b7c6a00000,0x000000b7c6b00000) (1024K)]
  0x000001e4ec1d4330 JavaThread "Common-Cleaner"             daemon [_thread_blocked, id=15788, stack(0x000000b7c6b00000,0x000000b7c6c00000) (1024K)]
  0x000001e4ec3bbf00 JavaThread "Notification Thread"        daemon [_thread_blocked, id=16984, stack(0x000000b7c6c00000,0x000000b7c6d00000) (1024K)]
  0x000001e4edb719b0 JavaThread "Daemon health stats"               [_thread_blocked, id=15136, stack(0x000000b7c7000000,0x000000b7c7100000) (1024K)]
  0x000001e4edb9adc0 JavaThread "Incoming local TCP Connector on port 56147"        [_thread_in_native, id=18468, stack(0x000000b7c7100000,0x000000b7c7200000) (1024K)]
  0x000001e4ed183e40 JavaThread "Daemon periodic checks"            [_thread_blocked, id=14768, stack(0x000000b7c7200000,0x000000b7c7300000) (1024K)]
  0x000001e4edc13960 JavaThread "Cache worker for journal cache (C:\Users\OSCAR\.gradle\caches\journal-1)"        [_thread_blocked, id=14172, stack(0x000000b7c7a00000,0x000000b7c7b00000) (1024K)]
  0x000001e4edc160c0 JavaThread "File lock request listener"        [_thread_in_native, id=5820, stack(0x000000b7c7b00000,0x000000b7c7c00000) (1024K)]
  0x000001e4edc14d10 JavaThread "Cache worker for file hash cache (C:\Users\OSCAR\.gradle\caches\8.10.2\fileHashes)"        [_thread_blocked, id=19968, stack(0x000000b7c7c00000,0x000000b7c7d00000) (1024K)]
  0x000001e4ef52a540 JavaThread "File watcher server"        daemon [_thread_in_native, id=18192, stack(0x000000b7c8000000,0x000000b7c8100000) (1024K)]
  0x000001e4ef529190 JavaThread "File watcher consumer"      daemon [_thread_blocked, id=19868, stack(0x000000b7c8100000,0x000000b7c8200000) (1024K)]
  0x000001e4ef52b260 JavaThread "jar transforms"                    [_thread_blocked, id=16688, stack(0x000000b7c8200000,0x000000b7c8300000) (1024K)]
  0x000001e4ef529820 JavaThread "jar transforms Thread 2"           [_thread_blocked, id=5564, stack(0x000000b7c8300000,0x000000b7c8400000) (1024K)]
  0x000001e4ef52b8f0 JavaThread "jar transforms Thread 3"           [_thread_blocked, id=9756, stack(0x000000b7c8400000,0x000000b7c8500000) (1024K)]
  0x000001e4ef52bf80 JavaThread "jar transforms Thread 4"           [_thread_blocked, id=18508, stack(0x000000b7c8500000,0x000000b7c8600000) (1024K)]
  0x000001e4ef52abd0 JavaThread "Cache worker for file content cache (C:\Users\OSCAR\.gradle\caches\8.10.2\fileContent)"        [_thread_blocked, id=19476, stack(0x000000b7c8600000,0x000000b7c8700000) (1024K)]
  0x000001e4f0ec9480 JavaThread "Memory manager"                    [_thread_blocked, id=19684, stack(0x000000b7c9a00000,0x000000b7c9b00000) (1024K)]
  0x000001e4f172ee30 JavaThread "Daemon Thread 2"                   [_thread_blocked, id=12036, stack(0x000000b7c5800000,0x000000b7c5900000) (1024K)]
  0x000001e4f0ec6d20 JavaThread "ForkJoinPool.commonPool-worker-5" daemon [_thread_blocked, id=10828, stack(0x000000b7c8d00000,0x000000b7c8e00000) (1024K)]
  0x000001e4f0ec6690 JavaThread "ForkJoinPool.commonPool-worker-6" daemon [_thread_blocked, id=15352, stack(0x000000b7c8e00000,0x000000b7c8f00000) (1024K)]
  0x000001e4efc39d90 JavaThread "Cache worker for Java compile cache (C:\Users\OSCAR\.gradle\caches\8.10.2\javaCompile)"        [_thread_blocked, id=15772, stack(0x000000b7cb700000,0x000000b7cb800000) (1024K)]
  0x000001e4efc389e0 JavaThread "Daemon worker Thread 3"            [_thread_in_Java, id=7340, stack(0x000000b7c7300000,0x000000b7c7400000) (1024K)]
  0x000001e4efc33490 JavaThread "ForkJoinPool.commonPool-worker-7" daemon [_thread_blocked, id=17584, stack(0x000000b7c8c00000,0x000000b7c8d00000) (1024K)]
  0x000001e4f0eca830 JavaThread "included builds"                   [_thread_blocked, id=15568, stack(0x000000b7cb200000,0x000000b7cb300000) (1024K)]
  0x000001e4f0ecb550 JavaThread "VFS cleanup Thread 3"              [_thread_blocked, id=16588, stack(0x000000b7c7400000,0x000000b7c7500000) (1024K)]
  0x000001e4f0eccf90 JavaThread "Handler for socket connection from /127.0.0.1:56147 to /127.0.0.1:56324"        [_thread_in_native, id=11772, stack(0x000000b7c5900000,0x000000b7c5a00000) (1024K)]
  0x000001e4f0ec6000 JavaThread "Cancel handler"                    [_thread_blocked, id=12988, stack(0x000000b7c5a00000,0x000000b7c5b00000) (1024K)]
  0x000001e4f0ec7a40 JavaThread "Asynchronous log dispatcher for DefaultDaemonConnection: socket connection from /127.0.0.1:56147 to /127.0.0.1:56324"        [_thread_blocked, id=4584, stack(0x000000b7c7500000,0x000000b7c7600000) (1024K)]
  0x000001e4f0ec80d0 JavaThread "Stdin handler"                     [_thread_blocked, id=17696, stack(0x000000b7c7600000,0x000000b7c7700000) (1024K)]
  0x000001e4f0ecd620 JavaThread "Daemon client event forwarder"        [_thread_blocked, id=18480, stack(0x000000b7c7700000,0x000000b7c7800000) (1024K)]
  0x000001e4f0ec8760 JavaThread "Cache worker for file hash cache (C:\Users\OSCAR\OneDrive\Escritorio\eccomerceBD (1)\eccomerceBD\.gradle\8.10.2\fileHashes)"        [_thread_blocked, id=3712, stack(0x000000b7c7800000,0x000000b7c7900000) (1024K)]
  0x000001e4f0ecbbe0 JavaThread "Cache worker for Build Output Cleanup Cache (C:\Users\OSCAR\OneDrive\Escritorio\eccomerceBD (1)\eccomerceBD\.gradle\buildOutputCleanup)"        [_thread_blocked, id=11816, stack(0x000000b7c7900000,0x000000b7c7a00000) (1024K)]
  0x000001e4f0ec8df0 JavaThread "Cache worker for checksums cache (C:\Users\OSCAR\OneDrive\Escritorio\eccomerceBD (1)\eccomerceBD\.gradle\8.10.2\checksums)"        [_thread_blocked, id=11248, stack(0x000000b7c7d00000,0x000000b7c7e00000) (1024K)]
  0x000001e4f0ec9b10 JavaThread "Cache worker for cache directory md-rule (C:\Users\OSCAR\.gradle\caches\8.10.2\md-rule)"        [_thread_blocked, id=6168, stack(0x000000b7c7e00000,0x000000b7c7f00000) (1024K)]
  0x000001e4f0eca1a0 JavaThread "Cache worker for cache directory md-supplier (C:\Users\OSCAR\.gradle\caches\8.10.2\md-supplier)"        [_thread_blocked, id=20388, stack(0x000000b7c7f00000,0x000000b7c8000000) (1024K)]
  0x000001e4f0ecaec0 JavaThread "Unconstrained build operations"        [_thread_blocked, id=20248, stack(0x000000b7c8700000,0x000000b7c8800000) (1024K)]
  0x000001e4f0ecc900 JavaThread "Unconstrained build operations Thread 2"        [_thread_blocked, id=6180, stack(0x000000b7c8800000,0x000000b7c8900000) (1024K)]
  0x000001e4f0ecc270 JavaThread "Unconstrained build operations Thread 3"        [_thread_blocked, id=10992, stack(0x000000b7c8900000,0x000000b7c8a00000) (1024K)]
  0x000001e4f172c6d0 JavaThread "Unconstrained build operations Thread 4"        [_thread_blocked, id=8660, stack(0x000000b7c8a00000,0x000000b7c8b00000) (1024K)]
  0x000001e4f172da80 JavaThread "Unconstrained build operations Thread 5"        [_thread_blocked, id=4316, stack(0x000000b7c8b00000,0x000000b7c8c00000) (1024K)]
  0x000001e4f172cd60 JavaThread "Unconstrained build operations Thread 6"        [_thread_blocked, id=7816, stack(0x000000b7c8f00000,0x000000b7c9000000) (1024K)]
Total: 49

Other Threads:
  0x000001e4d2fc1e30 VMThread "VM Thread"                           [id=7716, stack(0x000000b7c6200000,0x000000b7c6300000) (1024K)]
  0x000001e4d2fadc90 WatcherThread "VM Periodic Task Thread"        [id=12252, stack(0x000000b7c6100000,0x000000b7c6200000) (1024K)]
  0x000001e4b8a18680 WorkerThread "GC Thread#0"                     [id=18612, stack(0x000000b7c5c00000,0x000000b7c5d00000) (1024K)]
  0x000001e4ec3ee540 WorkerThread "GC Thread#1"                     [id=15036, stack(0x000000b7c6d00000,0x000000b7c6e00000) (1024K)]
  0x000001e4ec3ee8e0 WorkerThread "GC Thread#2"                     [id=16344, stack(0x000000b7c6e00000,0x000000b7c6f00000) (1024K)]
  0x000001e4ec3eec80 WorkerThread "GC Thread#3"                     [id=11304, stack(0x000000b7c6f00000,0x000000b7c7000000) (1024K)]
  0x000001e4b8a1d660 ConcurrentGCThread "G1 Main Marker"            [id=12720, stack(0x000000b7c5d00000,0x000000b7c5e00000) (1024K)]
  0x000001e4b8a1e310 WorkerThread "G1 Conc#0"                       [id=7920, stack(0x000000b7c5e00000,0x000000b7c5f00000) (1024K)]
  0x000001e4d2e831c0 ConcurrentGCThread "G1 Refine#0"               [id=19428, stack(0x000000b7c5f00000,0x000000b7c6000000) (1024K)]
  0x000001e4d2e839e0 ConcurrentGCThread "G1 Service"                [id=20464, stack(0x000000b7c6000000,0x000000b7c6100000) (1024K)]
Total: 10

Threads with active compile tasks:
C2 CompilerThread0  1538533 15172       4       org.gradle.cache.internal.btree.BTreePersistentIndexedCache::access$1200 (10 bytes)
C1 CompilerThread0  1538533 15224       3       org.gradle.internal.instantiation.generator.DefaultInstantiatorFactory::inject (8 bytes)
Total: 2

VM state: not at safepoint (normal execution)

VM Mutex/Monitor currently owned by a thread: None

Heap address: 0x00000000e0000000, size: 512 MB, Compressed Oops mode: 32-bit

CDS archive(s) mapped at: [0x000001e4d3000000-0x000001e4d3c90000-0x000001e4d3c90000), size 13172736, SharedBaseAddress: 0x000001e4d3000000, ArchiveRelocationMode: 1.
Compressed class space mapped at: 0x000001e4d4000000-0x000001e4e8000000, reserved size: 335544320
Narrow klass base: 0x000001e4d3000000, Narrow klass shift: 0, Narrow klass range: 0x100000000

GC Precious Log:
 CardTable entry size: 512
 Card Set container configuration: InlinePtr #cards 5 size 8 Array Of Cards #cards 12 size 40 Howl #buckets 4 coarsen threshold 1843 Howl Bitmap #cards 512 size 80 coarsen threshold 460 Card regions per heap region 1 cards per card region 2048
 CPUs: 4 total, 4 available
 Memory: 3447M
 Large Page Support: Disabled
 NUMA Support: Disabled
 Compressed Oops: Enabled (32-bit)
 Heap Region Size: 1M
 Heap Min Capacity: 256M
 Heap Initial Capacity: 256M
 Heap Max Capacity: 512M
 Pre-touch: Disabled
 Parallel Workers: 4
 Concurrent Workers: 1
 Concurrent Refinement Workers: 4
 Periodic GC: Disabled

Heap:
 garbage-first heap   total 262144K, used 132096K [0x00000000e0000000, 0x0000000100000000)
  region size 1024K, 9 young (9216K), 2 survivors (2048K)
 Metaspace       used 90004K, committed 92416K, reserved 458752K
  class space    used 12568K, committed 13760K, reserved 327680K

Heap Regions: E=young(eden), S=young(survivor), O=old, HS=humongous(starts), HC=humongous(continues), CS=collection set, F=free, TAMS=top-at-mark-start, PB=parsable bottom
|   0|0x00000000e0000000, 0x00000000e0100000, 0x00000000e0100000|100%|HS|  |TAMS 0x00000000e0000000| PB 0x00000000e0000000| Complete 
|   1|0x00000000e0100000, 0x00000000e0200000, 0x00000000e0200000|100%|HC|  |TAMS 0x00000000e0100000| PB 0x00000000e0100000| Complete 
|   2|0x00000000e0200000, 0x00000000e0300000, 0x00000000e0300000|100%|HC|  |TAMS 0x00000000e0200000| PB 0x00000000e0200000| Complete 
|   3|0x00000000e0300000, 0x00000000e0400000, 0x00000000e0400000|100%|HC|  |TAMS 0x00000000e0300000| PB 0x00000000e0300000| Complete 
|   4|0x00000000e0400000, 0x00000000e0500000, 0x00000000e0500000|100%| O|  |TAMS 0x00000000e0400000| PB 0x00000000e0400000| Untracked 
|   5|0x00000000e0500000, 0x00000000e0600000, 0x00000000e0600000|100%| O|  |TAMS 0x00000000e0500000| PB 0x00000000e0500000| Untracked 
|   6|0x00000000e0600000, 0x00000000e0700000, 0x00000000e0700000|100%| O|  |TAMS 0x00000000e0600000| PB 0x00000000e0600000| Untracked 
|   7|0x00000000e0700000, 0x00000000e0800000, 0x00000000e0800000|100%|HS|  |TAMS 0x00000000e0700000| PB 0x00000000e0700000| Complete 
|   8|0x00000000e0800000, 0x00000000e0900000, 0x00000000e0900000|100%|HS|  |TAMS 0x00000000e0800000| PB 0x00000000e0800000| Complete 
|   9|0x00000000e0900000, 0x00000000e0a00000, 0x00000000e0a00000|100%|HC|  |TAMS 0x00000000e0900000| PB 0x00000000e0900000| Complete 
|  10|0x00000000e0a00000, 0x00000000e0b00000, 0x00000000e0b00000|100%|HC|  |TAMS 0x00000000e0a00000| PB 0x00000000e0a00000| Complete 
|  11|0x00000000e0b00000, 0x00000000e0c00000, 0x00000000e0c00000|100%|HC|  |TAMS 0x00000000e0b00000| PB 0x00000000e0b00000| Complete 
|  12|0x00000000e0c00000, 0x00000000e0d00000, 0x00000000e0d00000|100%|HC|  |TAMS 0x00000000e0c00000| PB 0x00000000e0c00000| Complete 
|  13|0x00000000e0d00000, 0x00000000e0e00000, 0x00000000e0e00000|100%|HS|  |TAMS 0x00000000e0d00000| PB 0x00000000e0d00000| Complete 
|  14|0x00000000e0e00000, 0x00000000e0f00000, 0x00000000e0f00000|100%|HC|  |TAMS 0x00000000e0e00000| PB 0x00000000e0e00000| Complete 
|  15|0x00000000e0f00000, 0x00000000e1000000, 0x00000000e1000000|100%|HC|  |TAMS 0x00000000e0f00000| PB 0x00000000e0f00000| Complete 
|  16|0x00000000e1000000, 0x00000000e1100000, 0x00000000e1100000|100%|HS|  |TAMS 0x00000000e1000000| PB 0x00000000e1000000| Complete 
|  17|0x00000000e1100000, 0x00000000e1200000, 0x00000000e1200000|100%|HC|  |TAMS 0x00000000e1100000| PB 0x00000000e1100000| Complete 
|  18|0x00000000e1200000, 0x00000000e1300000, 0x00000000e1300000|100%|HS|  |TAMS 0x00000000e1200000| PB 0x00000000e1200000| Complete 
|  19|0x00000000e1300000, 0x00000000e1400000, 0x00000000e1400000|100%| O|  |TAMS 0x00000000e1300000| PB 0x00000000e1300000| Untracked 
|  20|0x00000000e1400000, 0x00000000e1500000, 0x00000000e1500000|100%| O|  |TAMS 0x00000000e1400000| PB 0x00000000e1400000| Untracked 
|  21|0x00000000e1500000, 0x00000000e1600000, 0x00000000e1600000|100%| O|  |TAMS 0x00000000e1500000| PB 0x00000000e1500000| Untracked 
|  22|0x00000000e1600000, 0x00000000e1700000, 0x00000000e1700000|100%| O|  |TAMS 0x00000000e1600000| PB 0x00000000e1600000| Untracked 
|  23|0x00000000e1700000, 0x00000000e1800000, 0x00000000e1800000|100%| O|  |TAMS 0x00000000e1700000| PB 0x00000000e1700000| Untracked 
|  24|0x00000000e1800000, 0x00000000e1900000, 0x00000000e1900000|100%| O|  |TAMS 0x00000000e1800000| PB 0x00000000e1800000| Untracked 
|  25|0x00000000e1900000, 0x00000000e1a00000, 0x00000000e1a00000|100%| O|  |TAMS 0x00000000e1900000| PB 0x00000000e1900000| Untracked 
|  26|0x00000000e1a00000, 0x00000000e1b00000, 0x00000000e1b00000|100%| O|  |TAMS 0x00000000e1a00000| PB 0x00000000e1a00000| Untracked 
|  27|0x00000000e1b00000, 0x00000000e1c00000, 0x00000000e1c00000|100%| O|  |TAMS 0x00000000e1b00000| PB 0x00000000e1b00000| Untracked 
|  28|0x00000000e1c00000, 0x00000000e1d00000, 0x00000000e1d00000|100%| O|  |TAMS 0x00000000e1c00000| PB 0x00000000e1c00000| Untracked 
|  29|0x00000000e1d00000, 0x00000000e1e00000, 0x00000000e1e00000|100%| O|  |TAMS 0x00000000e1d00000| PB 0x00000000e1d00000| Untracked 
|  30|0x00000000e1e00000, 0x00000000e1f00000, 0x00000000e1f00000|100%| O|  |TAMS 0x00000000e1e00000| PB 0x00000000e1e00000| Untracked 
|  31|0x00000000e1f00000, 0x00000000e2000000, 0x00000000e2000000|100%| O|  |TAMS 0x00000000e1f00000| PB 0x00000000e1f00000| Untracked 
|  32|0x00000000e2000000, 0x00000000e2100000, 0x00000000e2100000|100%| O|  |TAMS 0x00000000e2000000| PB 0x00000000e2000000| Untracked 
|  33|0x00000000e2100000, 0x00000000e2200000, 0x00000000e2200000|100%|HS|  |TAMS 0x00000000e2100000| PB 0x00000000e2100000| Complete 
|  34|0x00000000e2200000, 0x00000000e2300000, 0x00000000e2300000|100%| O|  |TAMS 0x00000000e2200000| PB 0x00000000e2200000| Untracked 
|  35|0x00000000e2300000, 0x00000000e2400000, 0x00000000e2400000|100%| O|  |TAMS 0x00000000e2300000| PB 0x00000000e2300000| Untracked 
|  36|0x00000000e2400000, 0x00000000e2500000, 0x00000000e2500000|100%| O|  |TAMS 0x00000000e2400000| PB 0x00000000e2400000| Untracked 
|  37|0x00000000e2500000, 0x00000000e2600000, 0x00000000e2600000|100%| O|  |TAMS 0x00000000e2500000| PB 0x00000000e2500000| Untracked 
|  38|0x00000000e2600000, 0x00000000e2700000, 0x00000000e2700000|100%| O|  |TAMS 0x00000000e2600000| PB 0x00000000e2600000| Untracked 
|  39|0x00000000e2700000, 0x00000000e2800000, 0x00000000e2800000|100%| O|  |TAMS 0x00000000e2700000| PB 0x00000000e2700000| Untracked 
|  40|0x00000000e2800000, 0x00000000e2900000, 0x00000000e2900000|100%|HS|  |TAMS 0x00000000e2800000| PB 0x00000000e2800000| Complete 
|  41|0x00000000e2900000, 0x00000000e2a00000, 0x00000000e2a00000|100%|HC|  |TAMS 0x00000000e2900000| PB 0x00000000e2900000| Complete 
|  42|0x00000000e2a00000, 0x00000000e2b00000, 0x00000000e2b00000|100%|HS|  |TAMS 0x00000000e2a00000| PB 0x00000000e2a00000| Complete 
|  43|0x00000000e2b00000, 0x00000000e2c00000, 0x00000000e2c00000|100%|HC|  |TAMS 0x00000000e2b00000| PB 0x00000000e2b00000| Complete 
|  44|0x00000000e2c00000, 0x00000000e2d00000, 0x00000000e2d00000|100%|HC|  |TAMS 0x00000000e2c00000| PB 0x00000000e2c00000| Complete 
|  45|0x00000000e2d00000, 0x00000000e2e00000, 0x00000000e2e00000|100%|HC|  |TAMS 0x00000000e2d00000| PB 0x00000000e2d00000| Complete 
|  46|0x00000000e2e00000, 0x00000000e2f00000, 0x00000000e2f00000|100%|HC|  |TAMS 0x00000000e2e00000| PB 0x00000000e2e00000| Complete 
|  47|0x00000000e2f00000, 0x00000000e3000000, 0x00000000e3000000|100%|HS|  |TAMS 0x00000000e2f00000| PB 0x00000000e2f00000| Complete 
|  48|0x00000000e3000000, 0x00000000e3100000, 0x00000000e3100000|100%|HC|  |TAMS 0x00000000e3000000| PB 0x00000000e3000000| Complete 
|  49|0x00000000e3100000, 0x00000000e3200000, 0x00000000e3200000|100%|HC|  |TAMS 0x00000000e3100000| PB 0x00000000e3100000| Complete 
|  50|0x00000000e3200000, 0x00000000e3300000, 0x00000000e3300000|100%|HC|  |TAMS 0x00000000e3200000| PB 0x00000000e3200000| Complete 
|  51|0x00000000e3300000, 0x00000000e3400000, 0x00000000e3400000|100%|HC|  |TAMS 0x00000000e3300000| PB 0x00000000e3300000| Complete 
|  52|0x00000000e3400000, 0x00000000e3500000, 0x00000000e3500000|100%| O|  |TAMS 0x00000000e3400000| PB 0x00000000e3400000| Untracked 
|  53|0x00000000e3500000, 0x00000000e3600000, 0x00000000e3600000|100%| O|  |TAMS 0x00000000e3500000| PB 0x00000000e3500000| Untracked 
|  54|0x00000000e3600000, 0x00000000e3700000, 0x00000000e3700000|100%| O|  |TAMS 0x00000000e3600000| PB 0x00000000e3600000| Untracked 
|  55|0x00000000e3700000, 0x00000000e3800000, 0x00000000e3800000|100%| O|  |TAMS 0x00000000e3700000| PB 0x00000000e3700000| Untracked 
|  56|0x00000000e3800000, 0x00000000e3900000, 0x00000000e3900000|100%| O|  |TAMS 0x00000000e3800000| PB 0x00000000e3800000| Untracked 
|  57|0x00000000e3900000, 0x00000000e3a00000, 0x00000000e3a00000|100%| O|  |TAMS 0x00000000e3900000| PB 0x00000000e3900000| Untracked 
|  58|0x00000000e3a00000, 0x00000000e3b00000, 0x00000000e3b00000|100%| O|  |TAMS 0x00000000e3a00000| PB 0x00000000e3a00000| Untracked 
|  59|0x00000000e3b00000, 0x00000000e3c00000, 0x00000000e3c00000|100%| O|  |TAMS 0x00000000e3b00000| PB 0x00000000e3b00000| Untracked 
|  60|0x00000000e3c00000, 0x00000000e3d00000, 0x00000000e3d00000|100%| O|  |TAMS 0x00000000e3c00000| PB 0x00000000e3c00000| Untracked 
|  61|0x00000000e3d00000, 0x00000000e3e00000, 0x00000000e3e00000|100%| O|  |TAMS 0x00000000e3d00000| PB 0x00000000e3d00000| Untracked 
|  62|0x00000000e3e00000, 0x00000000e3f00000, 0x00000000e3f00000|100%| O|  |TAMS 0x00000000e3e00000| PB 0x00000000e3e00000| Untracked 
|  63|0x00000000e3f00000, 0x00000000e4000000, 0x00000000e4000000|100%| O|  |TAMS 0x00000000e3f00000| PB 0x00000000e3f00000| Untracked 
|  64|0x00000000e4000000, 0x00000000e4100000, 0x00000000e4100000|100%| O|  |TAMS 0x00000000e4000000| PB 0x00000000e4000000| Untracked 
|  65|0x00000000e4100000, 0x00000000e4200000, 0x00000000e4200000|100%| O|  |TAMS 0x00000000e4100000| PB 0x00000000e4100000| Untracked 
|  66|0x00000000e4200000, 0x00000000e4300000, 0x00000000e4300000|100%| O|  |TAMS 0x00000000e4200000| PB 0x00000000e4200000| Untracked 
|  67|0x00000000e4300000, 0x00000000e4400000, 0x00000000e4400000|100%| O|  |TAMS 0x00000000e4300000| PB 0x00000000e4300000| Untracked 
|  68|0x00000000e4400000, 0x00000000e4500000, 0x00000000e4500000|100%|HS|  |TAMS 0x00000000e4400000| PB 0x00000000e4400000| Complete 
|  69|0x00000000e4500000, 0x00000000e4600000, 0x00000000e4600000|100%|HC|  |TAMS 0x00000000e4500000| PB 0x00000000e4500000| Complete 
|  70|0x00000000e4600000, 0x00000000e4700000, 0x00000000e4700000|100%|HS|  |TAMS 0x00000000e4600000| PB 0x00000000e4600000| Complete 
|  71|0x00000000e4700000, 0x00000000e4800000, 0x00000000e4800000|100%|HC|  |TAMS 0x00000000e4700000| PB 0x00000000e4700000| Complete 
|  72|0x00000000e4800000, 0x00000000e4900000, 0x00000000e4900000|100%|HC|  |TAMS 0x00000000e4800000| PB 0x00000000e4800000| Complete 
|  73|0x00000000e4900000, 0x00000000e4a00000, 0x00000000e4a00000|100%|HC|  |TAMS 0x00000000e4900000| PB 0x00000000e4900000| Complete 
|  74|0x00000000e4a00000, 0x00000000e4b00000, 0x00000000e4b00000|100%|HC|  |TAMS 0x00000000e4a00000| PB 0x00000000e4a00000| Complete 
|  75|0x00000000e4b00000, 0x00000000e4c00000, 0x00000000e4c00000|100%|HS|  |TAMS 0x00000000e4b00000| PB 0x00000000e4b00000| Complete 
|  76|0x00000000e4c00000, 0x00000000e4d00000, 0x00000000e4d00000|100%|HC|  |TAMS 0x00000000e4c00000| PB 0x00000000e4c00000| Complete 
|  77|0x00000000e4d00000, 0x00000000e4e00000, 0x00000000e4e00000|100%|HC|  |TAMS 0x00000000e4d00000| PB 0x00000000e4d00000| Complete 
|  78|0x00000000e4e00000, 0x00000000e4f00000, 0x00000000e4f00000|100%|HS|  |TAMS 0x00000000e4e00000| PB 0x00000000e4e00000| Complete 
|  79|0x00000000e4f00000, 0x00000000e5000000, 0x00000000e5000000|100%|HC|  |TAMS 0x00000000e4f00000| PB 0x00000000e4f00000| Complete 
|  80|0x00000000e5000000, 0x00000000e5100000, 0x00000000e5100000|100%| O|  |TAMS 0x00000000e5000000| PB 0x00000000e5000000| Untracked 
|  81|0x00000000e5100000, 0x00000000e5200000, 0x00000000e5200000|100%| O|  |TAMS 0x00000000e5100000| PB 0x00000000e5100000| Untracked 
|  82|0x00000000e5200000, 0x00000000e5300000, 0x00000000e5300000|100%| O|  |TAMS 0x00000000e5200000| PB 0x00000000e5200000| Untracked 
|  83|0x00000000e5300000, 0x00000000e5400000, 0x00000000e5400000|100%| O|  |TAMS 0x00000000e5300000| PB 0x00000000e5300000| Untracked 
|  84|0x00000000e5400000, 0x00000000e5500000, 0x00000000e5500000|100%| O|  |TAMS 0x00000000e5400000| PB 0x00000000e5400000| Untracked 
|  85|0x00000000e5500000, 0x00000000e5600000, 0x00000000e5600000|100%| O|  |TAMS 0x00000000e5500000| PB 0x00000000e5500000| Untracked 
|  86|0x00000000e5600000, 0x00000000e5700000, 0x00000000e5700000|100%| O|  |TAMS 0x00000000e5600000| PB 0x00000000e5600000| Untracked 
|  87|0x00000000e5700000, 0x00000000e5800000, 0x00000000e5800000|100%| O|  |TAMS 0x00000000e5700000| PB 0x00000000e5700000| Untracked 
|  88|0x00000000e5800000, 0x00000000e5900000, 0x00000000e5900000|100%| O|  |TAMS 0x00000000e5800000| PB 0x00000000e5800000| Untracked 
|  89|0x00000000e5900000, 0x00000000e5a00000, 0x00000000e5a00000|100%| O|  |TAMS 0x00000000e5900000| PB 0x00000000e5900000| Untracked 
|  90|0x00000000e5a00000, 0x00000000e5b00000, 0x00000000e5b00000|100%| O|  |TAMS 0x00000000e5a00000| PB 0x00000000e5a00000| Untracked 
|  91|0x00000000e5b00000, 0x00000000e5c00000, 0x00000000e5c00000|100%| O|  |TAMS 0x00000000e5b00000| PB 0x00000000e5b00000| Untracked 
|  92|0x00000000e5c00000, 0x00000000e5d00000, 0x00000000e5d00000|100%| O|  |TAMS 0x00000000e5c00000| PB 0x00000000e5c00000| Untracked 
|  93|0x00000000e5d00000, 0x00000000e5e00000, 0x00000000e5e00000|100%| O|  |TAMS 0x00000000e5d00000| PB 0x00000000e5d00000| Untracked 
|  94|0x00000000e5e00000, 0x00000000e5f00000, 0x00000000e5f00000|100%| O|  |TAMS 0x00000000e5e00000| PB 0x00000000e5e00000| Untracked 
|  95|0x00000000e5f00000, 0x00000000e6000000, 0x00000000e6000000|100%| O|  |TAMS 0x00000000e5f00000| PB 0x00000000e5f00000| Untracked 
|  96|0x00000000e6000000, 0x00000000e6100000, 0x00000000e6100000|100%| O|  |TAMS 0x00000000e6000000| PB 0x00000000e6000000| Untracked 
|  97|0x00000000e6100000, 0x00000000e6200000, 0x00000000e6200000|100%| O|  |TAMS 0x00000000e6100000| PB 0x00000000e6100000| Untracked 
|  98|0x00000000e6200000, 0x00000000e6300000, 0x00000000e6300000|100%| O|  |TAMS 0x00000000e6200000| PB 0x00000000e6200000| Untracked 
|  99|0x00000000e6300000, 0x00000000e6400000, 0x00000000e6400000|100%| O|  |TAMS 0x00000000e6300000| PB 0x00000000e6300000| Untracked 
| 100|0x00000000e6400000, 0x00000000e6500000, 0x00000000e6500000|100%| O|  |TAMS 0x00000000e6400000| PB 0x00000000e6400000| Untracked 
| 101|0x00000000e6500000, 0x00000000e6600000, 0x00000000e6600000|100%| O|  |TAMS 0x00000000e6500000| PB 0x00000000e6500000| Untracked 
| 102|0x00000000e6600000, 0x00000000e6700000, 0x00000000e6700000|100%| O|  |TAMS 0x00000000e6600000| PB 0x00000000e6600000| Untracked 
| 103|0x00000000e6700000, 0x00000000e6800000, 0x00000000e6800000|100%| O|  |TAMS 0x00000000e6700000| PB 0x00000000e6700000| Untracked 
| 104|0x00000000e6800000, 0x00000000e6900000, 0x00000000e6900000|100%| O|  |TAMS 0x00000000e6800000| PB 0x00000000e6800000| Untracked 
| 105|0x00000000e6900000, 0x00000000e6a00000, 0x00000000e6a00000|100%| O|  |TAMS 0x00000000e6900000| PB 0x00000000e6900000| Untracked 
| 106|0x00000000e6a00000, 0x00000000e6b00000, 0x00000000e6b00000|100%| O|  |TAMS 0x00000000e6a00000| PB 0x00000000e6a00000| Untracked 
| 107|0x00000000e6b00000, 0x00000000e6c00000, 0x00000000e6c00000|100%| O|  |TAMS 0x00000000e6b00000| PB 0x00000000e6b00000| Untracked 
| 108|0x00000000e6c00000, 0x00000000e6d00000, 0x00000000e6d00000|100%| O|  |TAMS 0x00000000e6c00000| PB 0x00000000e6c00000| Untracked 
| 109|0x00000000e6d00000, 0x00000000e6e00000, 0x00000000e6e00000|100%| O|  |TAMS 0x00000000e6d00000| PB 0x00000000e6d00000| Untracked 
| 110|0x00000000e6e00000, 0x00000000e6f00000, 0x00000000e6f00000|100%| O|  |TAMS 0x00000000e6e00000| PB 0x00000000e6e00000| Untracked 
| 111|0x00000000e6f00000, 0x00000000e7000000, 0x00000000e7000000|100%| O|  |TAMS 0x00000000e6f00000| PB 0x00000000e6f00000| Untracked 
| 112|0x00000000e7000000, 0x00000000e7100000, 0x00000000e7100000|100%| O|  |TAMS 0x00000000e7000000| PB 0x00000000e7000000| Untracked 
| 113|0x00000000e7100000, 0x00000000e7200000, 0x00000000e7200000|100%| O|  |TAMS 0x00000000e7100000| PB 0x00000000e7100000| Untracked 
| 114|0x00000000e7200000, 0x00000000e7300000, 0x00000000e7300000|100%| O|  |TAMS 0x00000000e7200000| PB 0x00000000e7200000| Untracked 
| 115|0x00000000e7300000, 0x00000000e7400000, 0x00000000e7400000|100%| O|  |TAMS 0x00000000e7300000| PB 0x00000000e7300000| Untracked 
| 116|0x00000000e7400000, 0x00000000e7500000, 0x00000000e7500000|100%| O|  |TAMS 0x00000000e7400000| PB 0x00000000e7400000| Untracked 
| 117|0x00000000e7500000, 0x00000000e7600000, 0x00000000e7600000|100%| O|  |TAMS 0x00000000e7500000| PB 0x00000000e7500000| Untracked 
| 118|0x00000000e7600000, 0x00000000e7700000, 0x00000000e7700000|100%| O|  |TAMS 0x00000000e7600000| PB 0x00000000e7600000| Untracked 
| 119|0x00000000e7700000, 0x00000000e7700000, 0x00000000e7800000|  0%| F|  |TAMS 0x00000000e7700000| PB 0x00000000e7700000| Untracked 
| 120|0x00000000e7800000, 0x00000000e7800000, 0x00000000e7900000|  0%| F|  |TAMS 0x00000000e7800000| PB 0x00000000e7800000| Untracked 
| 121|0x00000000e7900000, 0x00000000e7900000, 0x00000000e7a00000|  0%| F|  |TAMS 0x00000000e7900000| PB 0x00000000e7900000| Untracked 
| 122|0x00000000e7a00000, 0x00000000e7a00000, 0x00000000e7b00000|  0%| F|  |TAMS 0x00000000e7a00000| PB 0x00000000e7a00000| Untracked 
| 123|0x00000000e7b00000, 0x00000000e7c00000, 0x00000000e7c00000|100%| O|  |TAMS 0x00000000e7b00000| PB 0x00000000e7b00000| Untracked 
| 124|0x00000000e7c00000, 0x00000000e7d00000, 0x00000000e7d00000|100%| O|  |TAMS 0x00000000e7c00000| PB 0x00000000e7c00000| Untracked 
| 125|0x00000000e7d00000, 0x00000000e7d00000, 0x00000000e7e00000|  0%| F|  |TAMS 0x00000000e7d00000| PB 0x00000000e7d00000| Untracked 
| 126|0x00000000e7e00000, 0x00000000e7e00000, 0x00000000e7f00000|  0%| F|  |TAMS 0x00000000e7e00000| PB 0x00000000e7e00000| Untracked 
| 127|0x00000000e7f00000, 0x00000000e7f00000, 0x00000000e8000000|  0%| F|  |TAMS 0x00000000e7f00000| PB 0x00000000e7f00000| Untracked 
| 128|0x00000000e8000000, 0x00000000e8000000, 0x00000000e8100000|  0%| F|  |TAMS 0x00000000e8000000| PB 0x00000000e8000000| Untracked 
| 129|0x00000000e8100000, 0x00000000e8100000, 0x00000000e8200000|  0%| F|  |TAMS 0x00000000e8100000| PB 0x00000000e8100000| Untracked 
| 130|0x00000000e8200000, 0x00000000e8200000, 0x00000000e8300000|  0%| F|  |TAMS 0x00000000e8200000| PB 0x00000000e8200000| Untracked 
| 131|0x00000000e8300000, 0x00000000e8300000, 0x00000000e8400000|  0%| F|  |TAMS 0x00000000e8300000| PB 0x00000000e8300000| Untracked 
| 132|0x00000000e8400000, 0x00000000e8400000, 0x00000000e8500000|  0%| F|  |TAMS 0x00000000e8400000| PB 0x00000000e8400000| Untracked 
| 133|0x00000000e8500000, 0x00000000e8500000, 0x00000000e8600000|  0%| F|  |TAMS 0x00000000e8500000| PB 0x00000000e8500000| Untracked 
| 134|0x00000000e8600000, 0x00000000e8600000, 0x00000000e8700000|  0%| F|  |TAMS 0x00000000e8600000| PB 0x00000000e8600000| Untracked 
| 135|0x00000000e8700000, 0x00000000e8700000, 0x00000000e8800000|  0%| F|  |TAMS 0x00000000e8700000| PB 0x00000000e8700000| Untracked 
| 136|0x00000000e8800000, 0x00000000e8800000, 0x00000000e8900000|  0%| F|  |TAMS 0x00000000e8800000| PB 0x00000000e8800000| Untracked 
| 137|0x00000000e8900000, 0x00000000e8900000, 0x00000000e8a00000|  0%| F|  |TAMS 0x00000000e8900000| PB 0x00000000e8900000| Untracked 
| 138|0x00000000e8a00000, 0x00000000e8a00000, 0x00000000e8b00000|  0%| F|  |TAMS 0x00000000e8a00000| PB 0x00000000e8a00000| Untracked 
| 139|0x00000000e8b00000, 0x00000000e8b00000, 0x00000000e8c00000|  0%| F|  |TAMS 0x00000000e8b00000| PB 0x00000000e8b00000| Untracked 
| 140|0x00000000e8c00000, 0x00000000e8c00000, 0x00000000e8d00000|  0%| F|  |TAMS 0x00000000e8c00000| PB 0x00000000e8c00000| Untracked 
| 141|0x00000000e8d00000, 0x00000000e8d00000, 0x00000000e8e00000|  0%| F|  |TAMS 0x00000000e8d00000| PB 0x00000000e8d00000| Untracked 
| 142|0x00000000e8e00000, 0x00000000e8e00000, 0x00000000e8f00000|  0%| F|  |TAMS 0x00000000e8e00000| PB 0x00000000e8e00000| Untracked 
| 143|0x00000000e8f00000, 0x00000000e8f00000, 0x00000000e9000000|  0%| F|  |TAMS 0x00000000e8f00000| PB 0x00000000e8f00000| Untracked 
| 144|0x00000000e9000000, 0x00000000e9000000, 0x00000000e9100000|  0%| F|  |TAMS 0x00000000e9000000| PB 0x00000000e9000000| Untracked 
| 145|0x00000000e9100000, 0x00000000e9100000, 0x00000000e9200000|  0%| F|  |TAMS 0x00000000e9100000| PB 0x00000000e9100000| Untracked 
| 146|0x00000000e9200000, 0x00000000e9200000, 0x00000000e9300000|  0%| F|  |TAMS 0x00000000e9200000| PB 0x00000000e9200000| Untracked 
| 147|0x00000000e9300000, 0x00000000e9300000, 0x00000000e9400000|  0%| F|  |TAMS 0x00000000e9300000| PB 0x00000000e9300000| Untracked 
| 148|0x00000000e9400000, 0x00000000e9400000, 0x00000000e9500000|  0%| F|  |TAMS 0x00000000e9400000| PB 0x00000000e9400000| Untracked 
| 149|0x00000000e9500000, 0x00000000e9500000, 0x00000000e9600000|  0%| F|  |TAMS 0x00000000e9500000| PB 0x00000000e9500000| Untracked 
| 150|0x00000000e9600000, 0x00000000e9600000, 0x00000000e9700000|  0%| F|  |TAMS 0x00000000e9600000| PB 0x00000000e9600000| Untracked 
| 151|0x00000000e9700000, 0x00000000e9700000, 0x00000000e9800000|  0%| F|  |TAMS 0x00000000e9700000| PB 0x00000000e9700000| Untracked 
| 152|0x00000000e9800000, 0x00000000e9800000, 0x00000000e9900000|  0%| F|  |TAMS 0x00000000e9800000| PB 0x00000000e9800000| Untracked 
| 153|0x00000000e9900000, 0x00000000e9900000, 0x00000000e9a00000|  0%| F|  |TAMS 0x00000000e9900000| PB 0x00000000e9900000| Untracked 
| 154|0x00000000e9a00000, 0x00000000e9a00000, 0x00000000e9b00000|  0%| F|  |TAMS 0x00000000e9a00000| PB 0x00000000e9a00000| Untracked 
| 155|0x00000000e9b00000, 0x00000000e9b00000, 0x00000000e9c00000|  0%| F|  |TAMS 0x00000000e9b00000| PB 0x00000000e9b00000| Untracked 
| 156|0x00000000e9c00000, 0x00000000e9c00000, 0x00000000e9d00000|  0%| F|  |TAMS 0x00000000e9c00000| PB 0x00000000e9c00000| Untracked 
| 157|0x00000000e9d00000, 0x00000000e9d00000, 0x00000000e9e00000|  0%| F|  |TAMS 0x00000000e9d00000| PB 0x00000000e9d00000| Untracked 
| 158|0x00000000e9e00000, 0x00000000e9e00000, 0x00000000e9f00000|  0%| F|  |TAMS 0x00000000e9e00000| PB 0x00000000e9e00000| Untracked 
| 159|0x00000000e9f00000, 0x00000000e9f00000, 0x00000000ea000000|  0%| F|  |TAMS 0x00000000e9f00000| PB 0x00000000e9f00000| Untracked 
| 160|0x00000000ea000000, 0x00000000ea000000, 0x00000000ea100000|  0%| F|  |TAMS 0x00000000ea000000| PB 0x00000000ea000000| Untracked 
| 161|0x00000000ea100000, 0x00000000ea100000, 0x00000000ea200000|  0%| F|  |TAMS 0x00000000ea100000| PB 0x00000000ea100000| Untracked 
| 162|0x00000000ea200000, 0x00000000ea200000, 0x00000000ea300000|  0%| F|  |TAMS 0x00000000ea200000| PB 0x00000000ea200000| Untracked 
| 163|0x00000000ea300000, 0x00000000ea300000, 0x00000000ea400000|  0%| F|  |TAMS 0x00000000ea300000| PB 0x00000000ea300000| Untracked 
| 164|0x00000000ea400000, 0x00000000ea400000, 0x00000000ea500000|  0%| F|  |TAMS 0x00000000ea400000| PB 0x00000000ea400000| Untracked 
| 165|0x00000000ea500000, 0x00000000ea500000, 0x00000000ea600000|  0%| F|  |TAMS 0x00000000ea500000| PB 0x00000000ea500000| Untracked 
| 166|0x00000000ea600000, 0x00000000ea600000, 0x00000000ea700000|  0%| F|  |TAMS 0x00000000ea600000| PB 0x00000000ea600000| Untracked 
| 167|0x00000000ea700000, 0x00000000ea700000, 0x00000000ea800000|  0%| F|  |TAMS 0x00000000ea700000| PB 0x00000000ea700000| Untracked 
| 168|0x00000000ea800000, 0x00000000ea800000, 0x00000000ea900000|  0%| F|  |TAMS 0x00000000ea800000| PB 0x00000000ea800000| Untracked 
| 169|0x00000000ea900000, 0x00000000ea900000, 0x00000000eaa00000|  0%| F|  |TAMS 0x00000000ea900000| PB 0x00000000ea900000| Untracked 
| 170|0x00000000eaa00000, 0x00000000eaa00000, 0x00000000eab00000|  0%| F|  |TAMS 0x00000000eaa00000| PB 0x00000000eaa00000| Untracked 
| 171|0x00000000eab00000, 0x00000000eab00000, 0x00000000eac00000|  0%| F|  |TAMS 0x00000000eab00000| PB 0x00000000eab00000| Untracked 
| 172|0x00000000eac00000, 0x00000000eac00000, 0x00000000ead00000|  0%| F|  |TAMS 0x00000000eac00000| PB 0x00000000eac00000| Untracked 
| 173|0x00000000ead00000, 0x00000000ead00000, 0x00000000eae00000|  0%| F|  |TAMS 0x00000000ead00000| PB 0x00000000ead00000| Untracked 
| 174|0x00000000eae00000, 0x00000000eae00000, 0x00000000eaf00000|  0%| F|  |TAMS 0x00000000eae00000| PB 0x00000000eae00000| Untracked 
| 175|0x00000000eaf00000, 0x00000000eaf00000, 0x00000000eb000000|  0%| F|  |TAMS 0x00000000eaf00000| PB 0x00000000eaf00000| Untracked 
| 176|0x00000000eb000000, 0x00000000eb000000, 0x00000000eb100000|  0%| F|  |TAMS 0x00000000eb000000| PB 0x00000000eb000000| Untracked 
| 177|0x00000000eb100000, 0x00000000eb100000, 0x00000000eb200000|  0%| F|  |TAMS 0x00000000eb100000| PB 0x00000000eb100000| Untracked 
| 178|0x00000000eb200000, 0x00000000eb200000, 0x00000000eb300000|  0%| F|  |TAMS 0x00000000eb200000| PB 0x00000000eb200000| Untracked 
| 179|0x00000000eb300000, 0x00000000eb300000, 0x00000000eb400000|  0%| F|  |TAMS 0x00000000eb300000| PB 0x00000000eb300000| Untracked 
| 180|0x00000000eb400000, 0x00000000eb400000, 0x00000000eb500000|  0%| F|  |TAMS 0x00000000eb400000| PB 0x00000000eb400000| Untracked 
| 181|0x00000000eb500000, 0x00000000eb500000, 0x00000000eb600000|  0%| F|  |TAMS 0x00000000eb500000| PB 0x00000000eb500000| Untracked 
| 182|0x00000000eb600000, 0x00000000eb600000, 0x00000000eb700000|  0%| F|  |TAMS 0x00000000eb600000| PB 0x00000000eb600000| Untracked 
| 183|0x00000000eb700000, 0x00000000eb700000, 0x00000000eb800000|  0%| F|  |TAMS 0x00000000eb700000| PB 0x00000000eb700000| Untracked 
| 184|0x00000000eb800000, 0x00000000eb800000, 0x00000000eb900000|  0%| F|  |TAMS 0x00000000eb800000| PB 0x00000000eb800000| Untracked 
| 185|0x00000000eb900000, 0x00000000eb900000, 0x00000000eba00000|  0%| F|  |TAMS 0x00000000eb900000| PB 0x00000000eb900000| Untracked 
| 186|0x00000000eba00000, 0x00000000eba00000, 0x00000000ebb00000|  0%| F|  |TAMS 0x00000000eba00000| PB 0x00000000eba00000| Untracked 
| 187|0x00000000ebb00000, 0x00000000ebb00000, 0x00000000ebc00000|  0%| F|  |TAMS 0x00000000ebb00000| PB 0x00000000ebb00000| Untracked 
| 188|0x00000000ebc00000, 0x00000000ebc00000, 0x00000000ebd00000|  0%| F|  |TAMS 0x00000000ebc00000| PB 0x00000000ebc00000| Untracked 
| 189|0x00000000ebd00000, 0x00000000ebd00000, 0x00000000ebe00000|  0%| F|  |TAMS 0x00000000ebd00000| PB 0x00000000ebd00000| Untracked 
| 190|0x00000000ebe00000, 0x00000000ebe00000, 0x00000000ebf00000|  0%| F|  |TAMS 0x00000000ebe00000| PB 0x00000000ebe00000| Untracked 
| 191|0x00000000ebf00000, 0x00000000ebf00000, 0x00000000ec000000|  0%| F|  |TAMS 0x00000000ebf00000| PB 0x00000000ebf00000| Untracked 
| 192|0x00000000ec000000, 0x00000000ec000000, 0x00000000ec100000|  0%| F|  |TAMS 0x00000000ec000000| PB 0x00000000ec000000| Untracked 
| 193|0x00000000ec100000, 0x00000000ec100000, 0x00000000ec200000|  0%| F|  |TAMS 0x00000000ec100000| PB 0x00000000ec100000| Untracked 
| 194|0x00000000ec200000, 0x00000000ec200000, 0x00000000ec300000|  0%| F|  |TAMS 0x00000000ec200000| PB 0x00000000ec200000| Untracked 
| 195|0x00000000ec300000, 0x00000000ec300000, 0x00000000ec400000|  0%| F|  |TAMS 0x00000000ec300000| PB 0x00000000ec300000| Untracked 
| 196|0x00000000ec400000, 0x00000000ec400000, 0x00000000ec500000|  0%| F|  |TAMS 0x00000000ec400000| PB 0x00000000ec400000| Untracked 
| 197|0x00000000ec500000, 0x00000000ec500000, 0x00000000ec600000|  0%| F|  |TAMS 0x00000000ec500000| PB 0x00000000ec500000| Untracked 
| 198|0x00000000ec600000, 0x00000000ec600000, 0x00000000ec700000|  0%| F|  |TAMS 0x00000000ec600000| PB 0x00000000ec600000| Untracked 
| 199|0x00000000ec700000, 0x00000000ec700000, 0x00000000ec800000|  0%| F|  |TAMS 0x00000000ec700000| PB 0x00000000ec700000| Untracked 
| 200|0x00000000ec800000, 0x00000000ec800000, 0x00000000ec900000|  0%| F|  |TAMS 0x00000000ec800000| PB 0x00000000ec800000| Untracked 
| 201|0x00000000ec900000, 0x00000000ec900000, 0x00000000eca00000|  0%| F|  |TAMS 0x00000000ec900000| PB 0x00000000ec900000| Untracked 
| 202|0x00000000eca00000, 0x00000000eca00000, 0x00000000ecb00000|  0%| F|  |TAMS 0x00000000eca00000| PB 0x00000000eca00000| Untracked 
| 203|0x00000000ecb00000, 0x00000000ecb00000, 0x00000000ecc00000|  0%| F|  |TAMS 0x00000000ecb00000| PB 0x00000000ecb00000| Untracked 
| 204|0x00000000ecc00000, 0x00000000ecc00000, 0x00000000ecd00000|  0%| F|  |TAMS 0x00000000ecc00000| PB 0x00000000ecc00000| Untracked 
| 205|0x00000000ecd00000, 0x00000000ecd00000, 0x00000000ece00000|  0%| F|  |TAMS 0x00000000ecd00000| PB 0x00000000ecd00000| Untracked 
| 206|0x00000000ece00000, 0x00000000ece00000, 0x00000000ecf00000|  0%| F|  |TAMS 0x00000000ece00000| PB 0x00000000ece00000| Untracked 
| 207|0x00000000ecf00000, 0x00000000ecf00000, 0x00000000ed000000|  0%| F|  |TAMS 0x00000000ecf00000| PB 0x00000000ecf00000| Untracked 
| 208|0x00000000ed000000, 0x00000000ed000000, 0x00000000ed100000|  0%| F|  |TAMS 0x00000000ed000000| PB 0x00000000ed000000| Untracked 
| 209|0x00000000ed100000, 0x00000000ed100000, 0x00000000ed200000|  0%| F|  |TAMS 0x00000000ed100000| PB 0x00000000ed100000| Untracked 
| 210|0x00000000ed200000, 0x00000000ed200000, 0x00000000ed300000|  0%| F|  |TAMS 0x00000000ed200000| PB 0x00000000ed200000| Untracked 
| 211|0x00000000ed300000, 0x00000000ed300000, 0x00000000ed400000|  0%| F|  |TAMS 0x00000000ed300000| PB 0x00000000ed300000| Untracked 
| 212|0x00000000ed400000, 0x00000000ed400000, 0x00000000ed500000|  0%| F|  |TAMS 0x00000000ed400000| PB 0x00000000ed400000| Untracked 
| 213|0x00000000ed500000, 0x00000000ed500000, 0x00000000ed600000|  0%| F|  |TAMS 0x00000000ed500000| PB 0x00000000ed500000| Untracked 
| 214|0x00000000ed600000, 0x00000000ed600000, 0x00000000ed700000|  0%| F|  |TAMS 0x00000000ed600000| PB 0x00000000ed600000| Untracked 
| 215|0x00000000ed700000, 0x00000000ed700000, 0x00000000ed800000|  0%| F|  |TAMS 0x00000000ed700000| PB 0x00000000ed700000| Untracked 
| 216|0x00000000ed800000, 0x00000000ed800000, 0x00000000ed900000|  0%| F|  |TAMS 0x00000000ed800000| PB 0x00000000ed800000| Untracked 
| 217|0x00000000ed900000, 0x00000000ed900000, 0x00000000eda00000|  0%| F|  |TAMS 0x00000000ed900000| PB 0x00000000ed900000| Untracked 
| 218|0x00000000eda00000, 0x00000000eda00000, 0x00000000edb00000|  0%| F|  |TAMS 0x00000000eda00000| PB 0x00000000eda00000| Untracked 
| 219|0x00000000edb00000, 0x00000000edb00000, 0x00000000edc00000|  0%| F|  |TAMS 0x00000000edb00000| PB 0x00000000edb00000| Untracked 
| 220|0x00000000edc00000, 0x00000000edc00000, 0x00000000edd00000|  0%| F|  |TAMS 0x00000000edc00000| PB 0x00000000edc00000| Untracked 
| 221|0x00000000edd00000, 0x00000000edd00000, 0x00000000ede00000|  0%| F|  |TAMS 0x00000000edd00000| PB 0x00000000edd00000| Untracked 
| 222|0x00000000ede00000, 0x00000000ede00000, 0x00000000edf00000|  0%| F|  |TAMS 0x00000000ede00000| PB 0x00000000ede00000| Untracked 
| 223|0x00000000edf00000, 0x00000000edf00000, 0x00000000ee000000|  0%| F|  |TAMS 0x00000000edf00000| PB 0x00000000edf00000| Untracked 
| 224|0x00000000ee000000, 0x00000000ee000000, 0x00000000ee100000|  0%| F|  |TAMS 0x00000000ee000000| PB 0x00000000ee000000| Untracked 
| 225|0x00000000ee100000, 0x00000000ee100000, 0x00000000ee200000|  0%| F|  |TAMS 0x00000000ee100000| PB 0x00000000ee100000| Untracked 
| 226|0x00000000ee200000, 0x00000000ee200000, 0x00000000ee300000|  0%| F|  |TAMS 0x00000000ee200000| PB 0x00000000ee200000| Untracked 
| 227|0x00000000ee300000, 0x00000000ee300000, 0x00000000ee400000|  0%| F|  |TAMS 0x00000000ee300000| PB 0x00000000ee300000| Untracked 
| 228|0x00000000ee400000, 0x00000000ee400000, 0x00000000ee500000|  0%| F|  |TAMS 0x00000000ee400000| PB 0x00000000ee400000| Untracked 
| 229|0x00000000ee500000, 0x00000000ee500000, 0x00000000ee600000|  0%| F|  |TAMS 0x00000000ee500000| PB 0x00000000ee500000| Untracked 
| 230|0x00000000ee600000, 0x00000000ee600000, 0x00000000ee700000|  0%| F|  |TAMS 0x00000000ee600000| PB 0x00000000ee600000| Untracked 
| 231|0x00000000ee700000, 0x00000000ee700000, 0x00000000ee800000|  0%| F|  |TAMS 0x00000000ee700000| PB 0x00000000ee700000| Untracked 
| 232|0x00000000ee800000, 0x00000000ee800000, 0x00000000ee900000|  0%| F|  |TAMS 0x00000000ee800000| PB 0x00000000ee800000| Untracked 
| 233|0x00000000ee900000, 0x00000000ee900000, 0x00000000eea00000|  0%| F|  |TAMS 0x00000000ee900000| PB 0x00000000ee900000| Untracked 
| 234|0x00000000eea00000, 0x00000000eeb00000, 0x00000000eeb00000|100%| S|CS|TAMS 0x00000000eea00000| PB 0x00000000eea00000| Complete 
| 235|0x00000000eeb00000, 0x00000000eec00000, 0x00000000eec00000|100%| S|CS|TAMS 0x00000000eeb00000| PB 0x00000000eeb00000| Complete 
| 236|0x00000000eec00000, 0x00000000eec00000, 0x00000000eed00000|  0%| F|  |TAMS 0x00000000eec00000| PB 0x00000000eec00000| Untracked 
| 237|0x00000000eed00000, 0x00000000eed00000, 0x00000000eee00000|  0%| F|  |TAMS 0x00000000eed00000| PB 0x00000000eed00000| Untracked 
| 238|0x00000000eee00000, 0x00000000eee00000, 0x00000000eef00000|  0%| F|  |TAMS 0x00000000eee00000| PB 0x00000000eee00000| Untracked 
| 239|0x00000000eef00000, 0x00000000eef00000, 0x00000000ef000000|  0%| F|  |TAMS 0x00000000eef00000| PB 0x00000000eef00000| Untracked 
| 240|0x00000000ef000000, 0x00000000ef000000, 0x00000000ef100000|  0%| F|  |TAMS 0x00000000ef000000| PB 0x00000000ef000000| Untracked 
| 241|0x00000000ef100000, 0x00000000ef100000, 0x00000000ef200000|  0%| F|  |TAMS 0x00000000ef100000| PB 0x00000000ef100000| Untracked 
| 242|0x00000000ef200000, 0x00000000ef200000, 0x00000000ef300000|  0%| F|  |TAMS 0x00000000ef200000| PB 0x00000000ef200000| Untracked 
| 243|0x00000000ef300000, 0x00000000ef300000, 0x00000000ef400000|  0%| F|  |TAMS 0x00000000ef300000| PB 0x00000000ef300000| Untracked 
| 244|0x00000000ef400000, 0x00000000ef400000, 0x00000000ef500000|  0%| F|  |TAMS 0x00000000ef400000| PB 0x00000000ef400000| Untracked 
| 245|0x00000000ef500000, 0x00000000ef500000, 0x00000000ef600000|  0%| F|  |TAMS 0x00000000ef500000| PB 0x00000000ef500000| Untracked 
| 246|0x00000000ef600000, 0x00000000ef600000, 0x00000000ef700000|  0%| F|  |TAMS 0x00000000ef600000| PB 0x00000000ef600000| Untracked 
| 247|0x00000000ef700000, 0x00000000ef700000, 0x00000000ef800000|  0%| F|  |TAMS 0x00000000ef700000| PB 0x00000000ef700000| Untracked 
| 248|0x00000000ef800000, 0x00000000ef800000, 0x00000000ef900000|  0%| F|  |TAMS 0x00000000ef800000| PB 0x00000000ef800000| Untracked 
| 249|0x00000000ef900000, 0x00000000ef9860d8, 0x00000000efa00000| 52%| E|  |TAMS 0x00000000ef900000| PB 0x00000000ef900000| Complete 
| 250|0x00000000efa00000, 0x00000000efb00000, 0x00000000efb00000|100%| E|CS|TAMS 0x00000000efa00000| PB 0x00000000efa00000| Complete 
| 251|0x00000000efb00000, 0x00000000efc00000, 0x00000000efc00000|100%| E|CS|TAMS 0x00000000efb00000| PB 0x00000000efb00000| Complete 
| 252|0x00000000efc00000, 0x00000000efd00000, 0x00000000efd00000|100%| E|CS|TAMS 0x00000000efc00000| PB 0x00000000efc00000| Complete 
| 253|0x00000000efd00000, 0x00000000efe00000, 0x00000000efe00000|100%| E|CS|TAMS 0x00000000efd00000| PB 0x00000000efd00000| Complete 
| 254|0x00000000efe00000, 0x00000000eff00000, 0x00000000eff00000|100%| E|CS|TAMS 0x00000000efe00000| PB 0x00000000efe00000| Complete 
| 255|0x00000000eff00000, 0x00000000f0000000, 0x00000000f0000000|100%| E|CS|TAMS 0x00000000eff00000| PB 0x00000000eff00000| Complete 

Card table byte_map: [0x000001e4d00c0000,0x000001e4d01c0000] _byte_map_base: 0x000001e4cf9c0000

Marking Bits: (CMBitMap*) 0x000001e4b8a18d80
 Bits: [0x000001e4d01c0000, 0x000001e4d09c0000)

Polling page: 0x000001e4b6b80000

Metaspace:

Usage:
  Non-class:     75.62 MB used.
      Class:     12.27 MB used.
       Both:     87.89 MB used.

Virtual space:
  Non-class space:      128.00 MB reserved,      76.81 MB ( 60%) committed,  2 nodes.
      Class space:      320.00 MB reserved,      13.44 MB (  4%) committed,  1 nodes.
             Both:      448.00 MB reserved,      90.25 MB ( 20%) committed. 

Chunk freelists:
   Non-Class:  2.79 MB
       Class:  2.41 MB
        Both:  5.20 MB

MaxMetaspaceSize: 384.00 MB
CompressedClassSpaceSize: 320.00 MB
Initial GC threshold: 21.00 MB
Current GC threshold: 99.94 MB
CDS: on
 - commit_granule_bytes: 65536.
 - commit_granule_words: 8192.
 - virtual_space_node_default_size: 8388608.
 - enlarge_chunks_in_place: 1.
 - use_allocation_guard: 0.


Internal statistics:

num_allocs_failed_limit: 15.
num_arena_births: 4288.
num_arena_deaths: 0.
num_vsnodes_births: 3.
num_vsnodes_deaths: 0.
num_space_committed: 1444.
num_space_uncommitted: 0.
num_chunks_returned_to_freelist: 15.
num_chunks_taken_from_freelist: 8701.
num_chunk_merges: 9.
num_chunk_splits: 5445.
num_chunks_enlarged: 3171.
num_inconsistent_stats: 0.

CodeHeap 'non-profiled nmethods': size=120000Kb used=9329Kb max_used=9329Kb free=110670Kb
 bounds [0x000001e4c8b90000, 0x000001e4c94b0000, 0x000001e4d00c0000]
CodeHeap 'profiled nmethods': size=120000Kb used=29344Kb max_used=29344Kb free=90655Kb
 bounds [0x000001e4c10c0000, 0x000001e4c2d70000, 0x000001e4c85f0000]
CodeHeap 'non-nmethods': size=5760Kb used=2863Kb max_used=2910Kb free=2896Kb
 bounds [0x000001e4c85f0000, 0x000001e4c88e0000, 0x000001e4c8b90000]
 total_blobs=15353 nmethods=14394 adapters=862
 compilation: enabled
              stopped_count=0, restarted_count=0
 full_count=0

Compilation events (20 events):
Event: 1538.346 Thread 0x000001e4d2ffe890 nmethod 15184 0x000001e4c2d52810 code [0x000001e4c2d529a0, 0x000001e4c2d52a98]
Event: 1538.360 Thread 0x000001e4d2ffe890 15185       3       com.google.common.collect.ImmutableSortedMap::entrySet (5 bytes)
Event: 1538.366 Thread 0x000001e4d2ffe890 nmethod 15185 0x000001e4c2d52b10 code [0x000001e4c2d52d40, 0x000001e4c2d53620]
Event: 1538.366 Thread 0x000001e4d2ffe890 15189       3       org.gradle.internal.component.model.ComponentConfigurationIdentifier::hashCode (16 bytes)
Event: 1538.366 Thread 0x000001e4d2ffe890 nmethod 15189 0x000001e4c2d53910 code [0x000001e4c2d53ac0, 0x000001e4c2d53cf8]
Event: 1538.366 Thread 0x000001e4d2ffe890 15187       3       org.gradle.api.internal.artifacts.transform.ConsumerProvidedVariantFinder$CachingAttributeMatcher$$Lambda/0x000001e4d46ee000::apply (12 bytes)
Event: 1538.371 Thread 0x000001e4d2ffe890 nmethod 15187 0x000001e4c2d53e10 code [0x000001e4c2d53fe0, 0x000001e4c2d543e8]
Event: 1538.371 Thread 0x000001e4d2ffe890 15188       3       org.gradle.api.internal.artifacts.transform.ConsumerProvidedVariantFinder$CachingAttributeMatcher::lambda$isMatchingCandidate$0 (21 bytes)
Event: 1538.371 Thread 0x000001e4d2ffe890 nmethod 15188 0x000001e4c2d54590 code [0x000001e4c2d54760, 0x000001e4c2d54a08]
Event: 1538.372 Thread 0x000001e4d2ffe890 15190       3       org.gradle.api.internal.artifacts.transform.DefaultTransformInvocationFactory::isCachingDisabledByProperty (69 bytes)
Event: 1538.384 Thread 0x000001e4d2ffe890 nmethod 15190 0x000001e4c2d54b90 code [0x000001e4c2d54e40, 0x000001e4c2d55a38]
Event: 1538.384 Thread 0x000001e4d2ffe890 15191       3       org.gradle.internal.buildoption.StringInternalOption::getDefaultValue (5 bytes)
Event: 1538.384 Thread 0x000001e4d2ffe890 nmethod 15191 0x000001e4c2d55f10 code [0x000001e4c2d560a0, 0x000001e4c2d561c0]
Event: 1538.384 Thread 0x000001e4d2ffe890 15192       3       org.gradle.api.internal.artifacts.transform.AbstractTransformExecution::<init> (77 bytes)
Event: 1538.393 Thread 0x000001e4d2ffe890 nmethod 15192 0x000001e4c2d56290 code [0x000001e4c2d564a0, 0x000001e4c2d56de0]
Event: 1538.394 Thread 0x000001e4d2ffe890 15199       3       org.gradle.api.internal.artifacts.transform.NonNormalizedIdentityImmutableTransformExecution::<init> (34 bytes)
Event: 1538.396 Thread 0x000001e4d2ffe890 nmethod 15199 0x000001e4c2d57090 code [0x000001e4c2d57240, 0x000001e4c2d57490]
Event: 1538.396 Thread 0x000001e4d2ffe890 15205       3       org.gradle.api.internal.artifacts.transform.TransformWorkspaceIdentity::<init> (18 bytes)
Event: 1538.400 Thread 0x000001e4d2ffe890 nmethod 15205 0x000001e4c2d57590 code [0x000001e4c2d577a0, 0x000001e4c2d57e18]
Event: 1538.400 Thread 0x000001e4d2ffe890 15195       3       org.gradle.internal.execution.steps.IdentityCacheStep::executeDeferred (61 bytes)

GC Heap History (20 events):
Event: 10.858 GC heap before
{Heap before GC invocations=5 (full 0):
 garbage-first heap   total 262144K, used 73652K [0x00000000e0000000, 0x0000000100000000)
  region size 1024K, 39 young (39936K), 7 survivors (7168K)
 Metaspace       used 34637K, committed 35968K, reserved 393216K
  class space    used 5158K, committed 5824K, reserved 327680K
}
Event: 10.865 GC heap after
{Heap after GC invocations=6 (full 0):
 garbage-first heap   total 262144K, used 44027K [0x00000000e0000000, 0x0000000100000000)
  region size 1024K, 9 young (9216K), 9 survivors (9216K)
 Metaspace       used 34637K, committed 35968K, reserved 393216K
  class space    used 5158K, committed 5824K, reserved 327680K
}
Event: 16.094 GC heap before
{Heap before GC invocations=7 (full 0):
 garbage-first heap   total 262144K, used 209915K [0x00000000e0000000, 0x0000000100000000)
  region size 1024K, 153 young (156672K), 9 survivors (9216K)
 Metaspace       used 51327K, committed 52928K, reserved 393216K
  class space    used 7301K, committed 8064K, reserved 327680K
}
Event: 16.114 GC heap after
{Heap after GC invocations=8 (full 0):
 garbage-first heap   total 262144K, used 69080K [0x00000000e0000000, 0x0000000100000000)
  region size 1024K, 20 young (20480K), 20 survivors (20480K)
 Metaspace       used 51327K, committed 52928K, reserved 393216K
  class space    used 7301K, committed 8064K, reserved 327680K
}
Event: 17.693 GC heap before
{Heap before GC invocations=8 (full 0):
 garbage-first heap   total 262144K, used 154072K [0x00000000e0000000, 0x0000000100000000)
  region size 1024K, 105 young (107520K), 20 survivors (20480K)
 Metaspace       used 58931K, committed 60736K, reserved 393216K
  class space    used 8463K, committed 9344K, reserved 327680K
}
Event: 17.716 GC heap after
{Heap after GC invocations=9 (full 0):
 garbage-first heap   total 262144K, used 74752K [0x00000000e0000000, 0x0000000100000000)
  region size 1024K, 6 young (6144K), 6 survivors (6144K)
 Metaspace       used 58931K, committed 60736K, reserved 393216K
  class space    used 8463K, committed 9344K, reserved 327680K
}
Event: 17.807 GC heap before
{Heap before GC invocations=9 (full 0):
 garbage-first heap   total 262144K, used 76800K [0x00000000e0000000, 0x0000000100000000)
  region size 1024K, 9 young (9216K), 6 survivors (6144K)
 Metaspace       used 59215K, committed 61056K, reserved 393216K
  class space    used 8500K, committed 9408K, reserved 327680K
}
Event: 17.815 GC heap after
{Heap after GC invocations=10 (full 0):
 garbage-first heap   total 262144K, used 74086K [0x00000000e0000000, 0x0000000100000000)
  region size 1024K, 6 young (6144K), 6 survivors (6144K)
 Metaspace       used 59215K, committed 61056K, reserved 393216K
  class space    used 8500K, committed 9408K, reserved 327680K
}
Event: 26.502 GC heap before
{Heap before GC invocations=11 (full 0):
 garbage-first heap   total 262144K, used 236902K [0x00000000e0000000, 0x0000000100000000)
  region size 1024K, 153 young (156672K), 6 survivors (6144K)
 Metaspace       used 74051K, committed 76224K, reserved 393216K
  class space    used 10603K, committed 11648K, reserved 327680K
}
Event: 26.518 GC heap after
{Heap after GC invocations=12 (full 0):
 garbage-first heap   total 262144K, used 101376K [0x00000000e0000000, 0x0000000100000000)
  region size 1024K, 19 young (19456K), 19 survivors (19456K)
 Metaspace       used 74051K, committed 76224K, reserved 393216K
  class space    used 10603K, committed 11648K, reserved 327680K
}
Event: 32.134 GC heap before
{Heap before GC invocations=12 (full 0):
 garbage-first heap   total 262144K, used 227328K [0x00000000e0000000, 0x0000000100000000)
  region size 1024K, 143 young (146432K), 19 survivors (19456K)
 Metaspace       used 81440K, committed 83712K, reserved 458752K
  class space    used 11516K, committed 12608K, reserved 327680K
}
Event: 32.157 GC heap after
{Heap after GC invocations=13 (full 0):
 garbage-first heap   total 262144K, used 108544K [0x00000000e0000000, 0x0000000100000000)
  region size 1024K, 9 young (9216K), 9 survivors (9216K)
 Metaspace       used 81440K, committed 83712K, reserved 458752K
  class space    used 11516K, committed 12608K, reserved 327680K
}
Event: 1390.974 GC heap before
{Heap before GC invocations=13 (full 0):
 garbage-first heap   total 262144K, used 234496K [0x00000000e0000000, 0x0000000100000000)
  region size 1024K, 132 young (135168K), 9 survivors (9216K)
 Metaspace       used 86406K, committed 88704K, reserved 458752K
  class space    used 12068K, committed 13184K, reserved 327680K
}
Event: 1391.246 GC heap after
{Heap after GC invocations=14 (full 0):
 garbage-first heap   total 262144K, used 114176K [0x00000000e0000000, 0x0000000100000000)
  region size 1024K, 15 young (15360K), 15 survivors (15360K)
 Metaspace       used 86406K, committed 88704K, reserved 458752K
  class space    used 12068K, committed 13184K, reserved 327680K
}
Event: 1396.087 GC heap before
{Heap before GC invocations=14 (full 0):
 garbage-first heap   total 262144K, used 181760K [0x00000000e0000000, 0x0000000100000000)
  region size 1024K, 82 young (83968K), 15 survivors (15360K)
 Metaspace       used 87044K, committed 89472K, reserved 458752K
  class space    used 12131K, committed 13312K, reserved 327680K
}
Event: 1396.154 GC heap after
{Heap after GC invocations=15 (full 0):
 garbage-first heap   total 262144K, used 118784K [0x00000000e0000000, 0x0000000100000000)
  region size 1024K, 5 young (5120K), 5 survivors (5120K)
 Metaspace       used 87044K, committed 89472K, reserved 458752K
  class space    used 12131K, committed 13312K, reserved 327680K
}
Event: 1488.759 GC heap before
{Heap before GC invocations=15 (full 0):
 garbage-first heap   total 262144K, used 234496K [0x00000000e0000000, 0x0000000100000000)
  region size 1024K, 119 young (121856K), 5 survivors (5120K)
 Metaspace       used 89681K, committed 92096K, reserved 458752K
  class space    used 12522K, committed 13696K, reserved 327680K
}
Event: 1489.042 GC heap after
{Heap after GC invocations=16 (full 0):
 garbage-first heap   total 262144K, used 128608K [0x00000000e0000000, 0x0000000100000000)
  region size 1024K, 15 young (15360K), 15 survivors (15360K)
 Metaspace       used 89681K, committed 92096K, reserved 458752K
  class space    used 12522K, committed 13696K, reserved 327680K
}
Event: 1534.788 GC heap before
{Heap before GC invocations=16 (full 0):
 garbage-first heap   total 262144K, used 148064K [0x00000000e0000000, 0x0000000100000000)
  region size 1024K, 35 young (35840K), 15 survivors (15360K)
 Metaspace       used 89964K, committed 92352K, reserved 458752K
  class space    used 12567K, committed 13760K, reserved 327680K
}
Event: 1535.044 GC heap after
{Heap after GC invocations=17 (full 0):
 garbage-first heap   total 262144K, used 125952K [0x00000000e0000000, 0x0000000100000000)
  region size 1024K, 2 young (2048K), 2 survivors (2048K)
 Metaspace       used 89964K, committed 92352K, reserved 458752K
  class space    used 12567K, committed 13760K, reserved 327680K
}

Dll operation events (15 events):
Event: 0.082 Loaded shared library C:\Program Files\Eclipse Adoptium\jdk-21.0.4.7-hotspot\bin\java.dll
Event: 0.179 Loaded shared library C:\Program Files\Eclipse Adoptium\jdk-21.0.4.7-hotspot\bin\jsvml.dll
Event: 0.369 Loaded shared library C:\Program Files\Eclipse Adoptium\jdk-21.0.4.7-hotspot\bin\zip.dll
Event: 0.386 Loaded shared library C:\Program Files\Eclipse Adoptium\jdk-21.0.4.7-hotspot\bin\instrument.dll
Event: 0.403 Loaded shared library C:\Program Files\Eclipse Adoptium\jdk-21.0.4.7-hotspot\bin\net.dll
Event: 0.422 Loaded shared library C:\Program Files\Eclipse Adoptium\jdk-21.0.4.7-hotspot\bin\nio.dll
Event: 0.436 Loaded shared library C:\Program Files\Eclipse Adoptium\jdk-21.0.4.7-hotspot\bin\zip.dll
Event: 1.267 Loaded shared library C:\Program Files\Eclipse Adoptium\jdk-21.0.4.7-hotspot\bin\jimage.dll
Event: 1.752 Loaded shared library C:\Program Files\Eclipse Adoptium\jdk-21.0.4.7-hotspot\bin\verify.dll
Event: 2.273 Loaded shared library C:\Users\OSCAR\.gradle\native\c067742578af261105cb4f569cf0c3c89f3d7b1fecec35dd04571415982c5e48\windows-amd64\native-platform.dll
Event: 2.292 Loaded shared library C:\Users\OSCAR\.gradle\native\100fb08df4bc3b14c8652ba06237920a3bd2aa13389f12d3474272988ae205f9\windows-amd64\native-platform-file-events.dll
Event: 4.318 Loaded shared library C:\Program Files\Eclipse Adoptium\jdk-21.0.4.7-hotspot\bin\management.dll
Event: 4.323 Loaded shared library C:\Program Files\Eclipse Adoptium\jdk-21.0.4.7-hotspot\bin\management_ext.dll
Event: 4.616 Loaded shared library C:\Program Files\Eclipse Adoptium\jdk-21.0.4.7-hotspot\bin\extnet.dll
Event: 4.927 Loaded shared library C:\Program Files\Eclipse Adoptium\jdk-21.0.4.7-hotspot\bin\sunmscapi.dll

Deoptimization events (20 events):
Event: 1535.298 Thread 0x000001e4efc389e0 Uncommon trap: trap_request=0xffffff45 fr.pc=0x000001e4c94386fc relative=0x000000000000075c
Event: 1535.298 Thread 0x000001e4efc389e0 Uncommon trap: reason=unstable_if action=reinterpret pc=0x000001e4c94386fc method=java.lang.ThreadLocal$ThreadLocalMap.set(Ljava/lang/ThreadLocal;Ljava/lang/Object;)V @ 116 c2
Event: 1535.299 Thread 0x000001e4efc389e0 DEOPT PACKING pc=0x000001e4c94386fc sp=0x000000b7c73fa510
Event: 1535.299 Thread 0x000001e4efc389e0 DEOPT UNPACKING pc=0x000001e4c86446a2 sp=0x000000b7c73fa450 mode 2
Event: 1535.323 Thread 0x000001e4efc389e0 Uncommon trap: trap_request=0xfffffff4 fr.pc=0x000001e4c92a2a00 relative=0x0000000000000540
Event: 1535.323 Thread 0x000001e4efc389e0 Uncommon trap: reason=null_check action=make_not_entrant pc=0x000001e4c92a2a00 method=java.lang.ThreadLocal$ThreadLocalMap.expungeStaleEntry(I)I @ 51 c2
Event: 1535.323 Thread 0x000001e4efc389e0 DEOPT PACKING pc=0x000001e4c92a2a00 sp=0x000000b7c73fa700
Event: 1535.323 Thread 0x000001e4efc389e0 DEOPT UNPACKING pc=0x000001e4c86446a2 sp=0x000000b7c73fa6b0 mode 2
Event: 1535.323 Thread 0x000001e4efc389e0 Uncommon trap: trap_request=0xffffff45 fr.pc=0x000001e4c8fe14e0 relative=0x0000000000000600
Event: 1535.323 Thread 0x000001e4efc389e0 Uncommon trap: reason=unstable_if action=reinterpret pc=0x000001e4c8fe14e0 method=java.lang.ThreadLocal$ThreadLocalMap.set(Ljava/lang/ThreadLocal;Ljava/lang/Object;)V @ 116 c2
Event: 1535.323 Thread 0x000001e4efc389e0 DEOPT PACKING pc=0x000001e4c8fe14e0 sp=0x000000b7c73fa820
Event: 1535.323 Thread 0x000001e4efc389e0 DEOPT UNPACKING pc=0x000001e4c86446a2 sp=0x000000b7c73fa7f0 mode 2
Event: 1537.069 Thread 0x000001e4efc389e0 Uncommon trap: trap_request=0xffffff76 fr.pc=0x000001e4c949c1c8 relative=0x0000000000000228
Event: 1537.069 Thread 0x000001e4efc389e0 Uncommon trap: reason=predicate action=maybe_recompile pc=0x000001e4c949c1c8 method=java.util.HashMap.keysToArray([Ljava/lang/Object;)[Ljava/lang/Object; @ 48 c2
Event: 1537.069 Thread 0x000001e4efc389e0 DEOPT PACKING pc=0x000001e4c949c1c8 sp=0x000000b7c73fa400
Event: 1537.069 Thread 0x000001e4efc389e0 DEOPT UNPACKING pc=0x000001e4c86446a2 sp=0x000000b7c73fa3a8 mode 2
Event: 1537.813 Thread 0x000001e4efc389e0 Uncommon trap: trap_request=0xffffffde fr.pc=0x000001e4c91badd8 relative=0x0000000000000498
Event: 1537.813 Thread 0x000001e4efc389e0 Uncommon trap: reason=class_check action=maybe_recompile pc=0x000001e4c91badd8 method=org.gradle.api.internal.artifacts.dependencies.AbstractVersionConstraint.hashCode()I @ 7 c2
Event: 1537.813 Thread 0x000001e4efc389e0 DEOPT PACKING pc=0x000001e4c91badd8 sp=0x000000b7c73f94f0
Event: 1537.813 Thread 0x000001e4efc389e0 DEOPT UNPACKING pc=0x000001e4c86446a2 sp=0x000000b7c73f94a8 mode 2

Classes loaded (20 events):
Event: 1396.070 Loading class java/util/AbstractSetBeanInfo
Event: 1396.070 Loading class java/util/AbstractSetBeanInfo done
Event: 1396.070 Loading class java/util/AbstractSetCustomizer
Event: 1396.071 Loading class java/util/AbstractSetCustomizer done
Event: 1396.071 Loading class java/util/AbstractSetCustomizer
Event: 1396.071 Loading class java/util/AbstractSetCustomizer done
Event: 1396.072 Loading class java/util/TreeSetCustomizer
Event: 1396.072 Loading class java/util/TreeSetCustomizer done
Event: 1396.072 Loading class java/util/TreeSetCustomizer
Event: 1396.072 Loading class java/util/TreeSetCustomizer done
Event: 1397.328 Loading class java/util/PriorityQueue
Event: 1397.330 Loading class java/util/PriorityQueue done
Event: 1397.372 Loading class java/nio/file/FileTreeWalker$1
Event: 1397.373 Loading class java/nio/file/FileTreeWalker$1 done
Event: 1398.618 Loading class java/nio/channels/AsynchronousCloseException
Event: 1398.619 Loading class java/nio/channels/AsynchronousCloseException done
Event: 1411.030 Loading class java/time/Ser
Event: 1411.031 Loading class java/time/Ser done
Event: 1411.432 Loading class java/time/Instant$1
Event: 1411.432 Loading class java/time/Instant$1 done

Classes unloaded (0 events):
No events

Classes redefined (0 events):
No events

Internal exceptions (20 events):
Event: 1409.179 Thread 0x000001e4ef52c610 Implicit null exception at 0x000001e4c8ffa703 to 0x000001e4c8ffb1d0
Event: 1409.657 Thread 0x000001e4ef52c610 Implicit null exception at 0x000001e4c92196e7 to 0x000001e4c9219bb0
Event: 1409.963 Thread 0x000001e4ef52c610 Implicit null exception at 0x000001e4c936c4a8 to 0x000001e4c936cc10
Event: 1411.018 Thread 0x000001e4f172e110 Exception <a 'java/lang/NoSuchMethodError'{0x00000000ec8162c0}: static Lorg/gradle/internal/build/event/types/DefaultJavaCompileTaskSuccessResult;.<clinit>()V> (0x00000000ec8162c0) 
thrown [s\src\hotspot\share\prims\jni.cpp, line 1111]
Event: 1411.022 Thread 0x000001e4f172e110 Exception <a 'java/lang/NoSuchMethodError'{0x00000000ec8206d0}: static Lorg/gradle/internal/build/event/types/DefaultAnnotationProcessorResult;.<clinit>()V> (0x00000000ec8206d0) 
thrown [s\src\hotspot\share\prims\jni.cpp, line 1111]
Event: 1411.071 Thread 0x000001e4ef52c610 Exception <a 'sun/nio/fs/WindowsException'{0x00000000ec831678}> (0x00000000ec831678) 
thrown [s\src\hotspot\share\prims\jni.cpp, line 520]
Event: 1484.879 Thread 0x000001e4efc389e0 Exception <a 'sun/nio/fs/WindowsException'{0x00000000ec172d18}> (0x00000000ec172d18) 
thrown [s\src\hotspot\share\prims\jni.cpp, line 520]
Event: 1484.883 Thread 0x000001e4efc389e0 Exception <a 'sun/nio/fs/WindowsException'{0x00000000ec1741f8}> (0x00000000ec1741f8) 
thrown [s\src\hotspot\share\prims\jni.cpp, line 520]
Event: 1484.884 Thread 0x000001e4efc389e0 Exception <a 'sun/nio/fs/WindowsException'{0x00000000ec1756c8}> (0x00000000ec1756c8) 
thrown [s\src\hotspot\share\prims\jni.cpp, line 520]
Event: 1484.885 Thread 0x000001e4efc389e0 Exception <a 'sun/nio/fs/WindowsException'{0x00000000ec176b78}> (0x00000000ec176b78) 
thrown [s\src\hotspot\share\prims\jni.cpp, line 520]
Event: 1486.098 Thread 0x000001e4efc389e0 Exception <a 'java/lang/NoClassDefFoundError'{0x00000000eb7e9688}: org/jetbrains/kotlin/gradle/plugin/KotlinPluginWrapper> (0x00000000eb7e9688) 
thrown [s\src\hotspot\share\oops\constantPool.cpp, line 873]
Event: 1486.101 Thread 0x000001e4efc389e0 Exception <a 'java/lang/NoClassDefFoundError'{0x00000000eb7eb7e0}: org/graalvm/buildtools/gradle/NativeImagePlugin> (0x00000000eb7eb7e0) 
thrown [s\src\hotspot\share\oops\constantPool.cpp, line 873]
Event: 1486.102 Thread 0x000001e4efc389e0 Exception <a 'java/lang/NoClassDefFoundError'{0x00000000eb7ed928}: org/cyclonedx/gradle/CycloneDxPlugin> (0x00000000eb7ed928) 
thrown [s\src\hotspot\share\oops\constantPool.cpp, line 873]
Event: 1495.213 Thread 0x000001e4f0eca830 Exception <a 'java/lang/NoSuchMethodError'{0x00000000ef4e8580}: 'int java.lang.invoke.DirectMethodHandle$Holder.invokeSpecial(java.lang.Object, java.lang.Object, java.lang.Object, java.lang.Object, java.lang.Object)'> (0x00000000ef4e8580) 
thrown [s\src\hotspot\share\interpreter\linkResolver.cpp, line 773]
Event: 1497.916 Thread 0x000001e4f0eca830 Exception <a 'java/lang/NoSuchMethodError'{0x00000000ef036e98}: 'int java.lang.invoke.DirectMethodHandle$Holder.invokeStaticInit(java.lang.Object, java.lang.Object, java.lang.Object, java.lang.Object, java.lang.Object)'> (0x00000000ef036e98) 
thrown [s\src\hotspot\share\interpreter\linkResolver.cpp, line 773]
Event: 1535.323 Thread 0x000001e4efc389e0 Implicit null exception at 0x000001e4c92a2590 to 0x000001e4c92a29da
Event: 1536.940 Thread 0x000001e4efc389e0 Exception <a 'sun/nio/fs/WindowsException'{0x00000000efe9a8b8}> (0x00000000efe9a8b8) 
thrown [s\src\hotspot\share\prims\jni.cpp, line 520]
Event: 1536.944 Thread 0x000001e4efc389e0 Exception <a 'sun/nio/fs/WindowsException'{0x00000000efe9bd98}> (0x00000000efe9bd98) 
thrown [s\src\hotspot\share\prims\jni.cpp, line 520]
Event: 1536.945 Thread 0x000001e4efc389e0 Exception <a 'sun/nio/fs/WindowsException'{0x00000000efe9d268}> (0x00000000efe9d268) 
thrown [s\src\hotspot\share\prims\jni.cpp, line 520]
Event: 1536.950 Thread 0x000001e4efc389e0 Exception <a 'sun/nio/fs/WindowsException'{0x00000000efe9e718}> (0x00000000efe9e718) 
thrown [s\src\hotspot\share\prims\jni.cpp, line 520]

ZGC Phase Switch (0 events):
No events

VM Operations (20 events):
Event: 1498.477 Executing VM operation: Cleanup
Event: 1498.493 Executing VM operation: Cleanup done
Event: 1499.501 Executing VM operation: Cleanup
Event: 1499.501 Executing VM operation: Cleanup done
Event: 1503.257 Executing VM operation: HandshakeAllThreads (HandshakeForDeflation)
Event: 1503.257 Executing VM operation: HandshakeAllThreads (HandshakeForDeflation) done
Event: 1503.257 Executing VM operation: RendezvousGCThreads
Event: 1503.257 Executing VM operation: RendezvousGCThreads done
Event: 1525.446 Executing VM operation: Cleanup
Event: 1525.447 Executing VM operation: Cleanup done
Event: 1534.515 Executing VM operation: Cleanup
Event: 1534.516 Executing VM operation: Cleanup done
Event: 1534.786 Executing VM operation: G1CollectForAllocation (G1 Evacuation Pause)
Event: 1535.044 Executing VM operation: G1CollectForAllocation (G1 Evacuation Pause) done
Event: 1536.057 Executing VM operation: Cleanup
Event: 1536.089 Executing VM operation: Cleanup done
Event: 1537.090 Executing VM operation: Cleanup
Event: 1537.106 Executing VM operation: Cleanup done
Event: 1538.118 Executing VM operation: Cleanup
Event: 1538.118 Executing VM operation: Cleanup done

Memory protections (0 events):
No events

Nmethod flushes (20 events):
Event: 17.877 Thread 0x000001e4d2fc1e30 flushing  nmethod 0x000001e4c14b3d10
Event: 17.877 Thread 0x000001e4d2fc1e30 flushing  nmethod 0x000001e4c14b4990
Event: 17.877 Thread 0x000001e4d2fc1e30 flushing  nmethod 0x000001e4c14b7b90
Event: 17.877 Thread 0x000001e4d2fc1e30 flushing  nmethod 0x000001e4c1519790
Event: 17.877 Thread 0x000001e4d2fc1e30 flushing  nmethod 0x000001e4c1538a10
Event: 17.877 Thread 0x000001e4d2fc1e30 flushing  nmethod 0x000001e4c1540690
Event: 17.877 Thread 0x000001e4d2fc1e30 flushing  nmethod 0x000001e4c1541490
Event: 17.877 Thread 0x000001e4d2fc1e30 flushing  nmethod 0x000001e4c1542110
Event: 17.877 Thread 0x000001e4d2fc1e30 flushing  nmethod 0x000001e4c15b2110
Event: 17.877 Thread 0x000001e4d2fc1e30 flushing  nmethod 0x000001e4c15b3310
Event: 17.877 Thread 0x000001e4d2fc1e30 flushing  nmethod 0x000001e4c15b3810
Event: 17.877 Thread 0x000001e4d2fc1e30 flushing  nmethod 0x000001e4c163b890
Event: 17.877 Thread 0x000001e4d2fc1e30 flushing  nmethod 0x000001e4c163bc90
Event: 17.877 Thread 0x000001e4d2fc1e30 flushing  nmethod 0x000001e4c163c090
Event: 17.877 Thread 0x000001e4d2fc1e30 flushing  nmethod 0x000001e4c163c490
Event: 17.877 Thread 0x000001e4d2fc1e30 flushing  nmethod 0x000001e4c1651290
Event: 17.877 Thread 0x000001e4d2fc1e30 flushing  nmethod 0x000001e4c171ab10
Event: 17.877 Thread 0x000001e4d2fc1e30 flushing  nmethod 0x000001e4c1820490
Event: 17.877 Thread 0x000001e4d2fc1e30 flushing  nmethod 0x000001e4c1881990
Event: 17.877 Thread 0x000001e4d2fc1e30 flushing  nmethod 0x000001e4c18ae910

Events (20 events):
Event: 1498.647 Thread 0x000001e4efc34840 Thread exited: 0x000001e4efc34840
Event: 1498.648 Thread 0x000001e4efc34ed0 Thread exited: 0x000001e4efc34ed0
Event: 1498.649 Thread 0x000001e4f0ec8760 Thread exited: 0x000001e4f0ec8760
Event: 1498.671 Thread 0x000001e4efc37630 Thread exited: 0x000001e4efc37630
Event: 1498.765 Thread 0x000001e4f172ee30 Thread added: 0x000001e4f0ecb550
Event: 1498.765 Thread 0x000001e4efc341b0 Thread exited: 0x000001e4efc341b0
Event: 1498.994 Thread 0x000001e4efc33b20 Thread exited: 0x000001e4efc33b20
Event: 1534.418 Thread 0x000001e4f172ee30 Thread added: 0x000001e4f0eccf90
Event: 1534.512 Thread 0x000001e4f172ee30 Thread added: 0x000001e4f0ec6000
Event: 1534.587 Thread 0x000001e4efc389e0 Thread added: 0x000001e4f0ec7a40
Event: 1534.631 Thread 0x000001e4efc389e0 Thread added: 0x000001e4f0ec80d0
Event: 1534.645 Thread 0x000001e4efc389e0 Thread added: 0x000001e4f0ecd620
Event: 1535.304 Thread 0x000001e4efc389e0 Thread added: 0x000001e4f0ec8760
Event: 1535.332 Thread 0x000001e4efc389e0 Thread added: 0x000001e4f0ecbbe0
Event: 1535.647 Thread 0x000001e4efc389e0 Thread added: 0x000001e4f0ec8df0
Event: 1535.779 Thread 0x000001e4efc389e0 Thread added: 0x000001e4f0ec9b10
Event: 1536.366 Thread 0x000001e4efc389e0 Thread added: 0x000001e4f0eca1a0
Event: 1538.193 Thread 0x000001e4efc389e0 Thread added: 0x000001e4f0ecaec0
Event: 1538.194 Thread 0x000001e4efc389e0 Thread added: 0x000001e4f0ecc900
Event: 1538.194 Thread 0x000001e4efc389e0 Thread added: 0x000001e4f0ecc270


Dynamic libraries:
0x00007ff6d7fc0000 - 0x00007ff6d7fce000 	C:\Program Files\Eclipse Adoptium\jdk-21.0.4.7-hotspot\bin\java.exe
0x00007fffdbbf0000 - 0x00007fffdbe07000 	C:\WINDOWS\SYSTEM32\ntdll.dll
0x00007fffd9b90000 - 0x00007fffd9c54000 	C:\WINDOWS\System32\KERNEL32.DLL
0x00007fffd8f90000 - 0x00007fffd933d000 	C:\WINDOWS\System32\KERNELBASE.dll
0x00007fffd9790000 - 0x00007fffd98a1000 	C:\WINDOWS\System32\ucrtbase.dll
0x00007fffa6790000 - 0x00007fffa67a8000 	C:\Program Files\Eclipse Adoptium\jdk-21.0.4.7-hotspot\bin\jli.dll
0x00007fffdb280000 - 0x00007fffdb42e000 	C:\WINDOWS\System32\USER32.dll
0x00007fffd9730000 - 0x00007fffd9756000 	C:\WINDOWS\System32\win32u.dll
0x00007fffdb5f0000 - 0x00007fffdb619000 	C:\WINDOWS\System32\GDI32.dll
0x00007fffd9400000 - 0x00007fffd9519000 	C:\WINDOWS\System32\gdi32full.dll
0x00007fffd9690000 - 0x00007fffd972a000 	C:\WINDOWS\System32\msvcp_win.dll
0x00007fffc7ab0000 - 0x00007fffc7d43000 	C:\WINDOWS\WinSxS\amd64_microsoft.windows.common-controls_6595b64144ccf1df_6.0.22621.3672_none_2713b9d173822955\COMCTL32.dll
0x00007fffd9ae0000 - 0x00007fffd9b87000 	C:\WINDOWS\System32\msvcrt.dll
0x00007fffa01f0000 - 0x00007fffa020b000 	C:\Program Files\Eclipse Adoptium\jdk-21.0.4.7-hotspot\bin\VCRUNTIME140.dll
0x00007fffdbb70000 - 0x00007fffdbba1000 	C:\WINDOWS\System32\IMM32.DLL
0x00007fffd3310000 - 0x00007fffd331c000 	C:\Program Files\Eclipse Adoptium\jdk-21.0.4.7-hotspot\bin\vcruntime140_1.dll
0x00007fff83790000 - 0x00007fff8381e000 	C:\Program Files\Eclipse Adoptium\jdk-21.0.4.7-hotspot\bin\msvcp140.dll
0x00007fff43bd0000 - 0x00007fff44958000 	C:\Program Files\Eclipse Adoptium\jdk-21.0.4.7-hotspot\bin\server\jvm.dll
0x00007fffda520000 - 0x00007fffda5d2000 	C:\WINDOWS\System32\ADVAPI32.dll
0x00007fffdb7e0000 - 0x00007fffdb889000 	C:\WINDOWS\System32\sechost.dll
0x00007fffd9760000 - 0x00007fffd9788000 	C:\WINDOWS\System32\bcrypt.dll
0x00007fffdb8f0000 - 0x00007fffdba04000 	C:\WINDOWS\System32\RPCRT4.dll
0x00007fffda5e0000 - 0x00007fffda651000 	C:\WINDOWS\System32\WS2_32.dll
0x00007fffd8de0000 - 0x00007fffd8e2d000 	C:\WINDOWS\SYSTEM32\POWRPROF.dll
0x00007fffd1420000 - 0x00007fffd1454000 	C:\WINDOWS\SYSTEM32\WINMM.dll
0x00007fffce400000 - 0x00007fffce40a000 	C:\WINDOWS\SYSTEM32\VERSION.dll
0x00007fffd8d10000 - 0x00007fffd8d23000 	C:\WINDOWS\SYSTEM32\UMPDC.dll
0x00007fffd7ee0000 - 0x00007fffd7ef8000 	C:\WINDOWS\SYSTEM32\kernel.appcore.dll
0x00007fffad970000 - 0x00007fffad97a000 	C:\Program Files\Eclipse Adoptium\jdk-21.0.4.7-hotspot\bin\jimage.dll
0x00007fffd6570000 - 0x00007fffd67a2000 	C:\WINDOWS\SYSTEM32\DBGHELP.DLL
0x00007fffda190000 - 0x00007fffda51e000 	C:\WINDOWS\System32\combase.dll
0x00007fffda680000 - 0x00007fffda757000 	C:\WINDOWS\System32\OLEAUT32.dll
0x00007fffbf9c0000 - 0x00007fffbf9f2000 	C:\WINDOWS\SYSTEM32\dbgcore.DLL
0x00007fffd8f10000 - 0x00007fffd8f8b000 	C:\WINDOWS\System32\bcryptPrimitives.dll
0x00007fffad8b0000 - 0x00007fffad8bf000 	C:\Program Files\Eclipse Adoptium\jdk-21.0.4.7-hotspot\bin\instrument.dll
0x00007fff9f750000 - 0x00007fff9f76f000 	C:\Program Files\Eclipse Adoptium\jdk-21.0.4.7-hotspot\bin\java.dll
0x00007fffda910000 - 0x00007fffdb177000 	C:\WINDOWS\System32\SHELL32.dll
0x00007fffd6e40000 - 0x00007fffd773f000 	C:\WINDOWS\SYSTEM32\windows.storage.dll
0x00007fffd6d00000 - 0x00007fffd6e3f000 	C:\WINDOWS\SYSTEM32\wintypes.dll
0x00007fffd9980000 - 0x00007fffd9a79000 	C:\WINDOWS\System32\SHCORE.dll
0x00007fffdb890000 - 0x00007fffdb8ee000 	C:\WINDOWS\System32\shlwapi.dll
0x00007fffd8e40000 - 0x00007fffd8e67000 	C:\WINDOWS\SYSTEM32\profapi.dll
0x00007fff74f70000 - 0x00007fff75047000 	C:\Program Files\Eclipse Adoptium\jdk-21.0.4.7-hotspot\bin\jsvml.dll
0x00007fff9f400000 - 0x00007fff9f418000 	C:\Program Files\Eclipse Adoptium\jdk-21.0.4.7-hotspot\bin\zip.dll
0x00007fffad020000 - 0x00007fffad030000 	C:\Program Files\Eclipse Adoptium\jdk-21.0.4.7-hotspot\bin\net.dll
0x00007fffd1460000 - 0x00007fffd1596000 	C:\WINDOWS\SYSTEM32\WINHTTP.dll
0x00007fffd83d0000 - 0x00007fffd8439000 	C:\WINDOWS\system32\mswsock.dll
0x00007fff9e580000 - 0x00007fff9e596000 	C:\Program Files\Eclipse Adoptium\jdk-21.0.4.7-hotspot\bin\nio.dll
0x00007fffa2a00000 - 0x00007fffa2a10000 	C:\Program Files\Eclipse Adoptium\jdk-21.0.4.7-hotspot\bin\verify.dll
0x00007fff9b6b0000 - 0x00007fff9b6d7000 	C:\Users\OSCAR\.gradle\native\c067742578af261105cb4f569cf0c3c89f3d7b1fecec35dd04571415982c5e48\windows-amd64\native-platform.dll
0x00007fff74e20000 - 0x00007fff74f64000 	C:\Users\OSCAR\.gradle\native\100fb08df4bc3b14c8652ba06237920a3bd2aa13389f12d3474272988ae205f9\windows-amd64\native-platform-file-events.dll
0x00007fffa2260000 - 0x00007fffa226a000 	C:\Program Files\Eclipse Adoptium\jdk-21.0.4.7-hotspot\bin\management.dll
0x00007fffa1b70000 - 0x00007fffa1b7b000 	C:\Program Files\Eclipse Adoptium\jdk-21.0.4.7-hotspot\bin\management_ext.dll
0x00007fffda660000 - 0x00007fffda668000 	C:\WINDOWS\System32\PSAPI.DLL
0x00007fffd8620000 - 0x00007fffd863b000 	C:\WINDOWS\SYSTEM32\CRYPTSP.dll
0x00007fffd7ea0000 - 0x00007fffd7ed5000 	C:\WINDOWS\system32\rsaenh.dll
0x00007fffd84c0000 - 0x00007fffd84e8000 	C:\WINDOWS\SYSTEM32\USERENV.dll
0x00007fffd8640000 - 0x00007fffd864c000 	C:\WINDOWS\SYSTEM32\CRYPTBASE.dll
0x00007fffd79f0000 - 0x00007fffd7a1d000 	C:\WINDOWS\SYSTEM32\IPHLPAPI.DLL
0x00007fffda670000 - 0x00007fffda679000 	C:\WINDOWS\System32\NSI.dll
0x00007fffa1a90000 - 0x00007fffa1a99000 	C:\Program Files\Eclipse Adoptium\jdk-21.0.4.7-hotspot\bin\extnet.dll
0x00007fffa1850000 - 0x00007fffa185e000 	C:\Program Files\Eclipse Adoptium\jdk-21.0.4.7-hotspot\bin\sunmscapi.dll
0x00007fffd9520000 - 0x00007fffd9686000 	C:\WINDOWS\System32\CRYPT32.dll
0x00007fffd87c0000 - 0x00007fffd87ee000 	C:\WINDOWS\SYSTEM32\ncrypt.dll
0x00007fffd8780000 - 0x00007fffd87b7000 	C:\WINDOWS\SYSTEM32\NTASN1.dll
0x00007fffc6120000 - 0x00007fffc6128000 	C:\WINDOWS\system32\wshunix.dll
0x00007fffd7a70000 - 0x00007fffd7b68000 	C:\WINDOWS\SYSTEM32\DNSAPI.dll
0x00000000714c0000 - 0x00000000714e6000 	C:\Program Files\Bonjour\mdnsNSP.dll
0x00007fffd1860000 - 0x00007fffd186a000 	C:\Windows\System32\rasadhlp.dll
0x00007fffcf330000 - 0x00007fffcf3b3000 	C:\WINDOWS\System32\fwpuclnt.dll

dbghelp: loaded successfully - version: 4.0.5 - missing functions: none
symbol engine: initialized successfully - sym options: 0x614 - pdb path: .;C:\Program Files\Eclipse Adoptium\jdk-21.0.4.7-hotspot\bin;C:\WINDOWS\SYSTEM32;C:\WINDOWS\WinSxS\amd64_microsoft.windows.common-controls_6595b64144ccf1df_6.0.22621.3672_none_2713b9d173822955;C:\Program Files\Eclipse Adoptium\jdk-21.0.4.7-hotspot\bin\server;C:\Users\OSCAR\.gradle\native\c067742578af261105cb4f569cf0c3c89f3d7b1fecec35dd04571415982c5e48\windows-amd64;C:\Users\OSCAR\.gradle\native\100fb08df4bc3b14c8652ba06237920a3bd2aa13389f12d3474272988ae205f9\windows-amd64;C:\Program Files\Bonjour

VM Arguments:
jvm_args: --add-opens=java.base/java.util=ALL-UNNAMED --add-opens=java.base/java.lang=ALL-UNNAMED --add-opens=java.base/java.lang.invoke=ALL-UNNAMED --add-opens=java.prefs/java.util.prefs=ALL-UNNAMED --add-exports=jdk.compiler/com.sun.tools.javac.api=ALL-UNNAMED --add-exports=jdk.compiler/com.sun.tools.javac.util=ALL-UNNAMED --add-opens=java.base/java.nio.charset=ALL-UNNAMED --add-opens=java.base/java.net=ALL-UNNAMED --add-opens=java.base/java.util.concurrent.atomic=ALL-UNNAMED -XX:MaxMetaspaceSize=384m -XX:+HeapDumpOnOutOfMemoryError -Xms256m -Xmx512m -Dfile.encoding=UTF-8 -Duser.country=ES -Duser.language=es -Duser.variant -javaagent:C:\Users\OSCAR\.gradle\wrapper\dists\gradle-8.10.2-bin\a04bxjujx95o3nb99gddekhwo\gradle-8.10.2\lib\agents\gradle-instrumentation-agent-8.10.2.jar 
java_command: org.gradle.launcher.daemon.bootstrap.GradleDaemon 8.10.2
java_class_path (initial): C:\Users\OSCAR\.gradle\wrapper\dists\gradle-8.10.2-bin\a04bxjujx95o3nb99gddekhwo\gradle-8.10.2\lib\gradle-daemon-main-8.10.2.jar
Launcher Type: SUN_STANDARD

[Global flags]
     intx CICompilerCount                          = 3                                         {product} {ergonomic}
   size_t CompressedClassSpaceSize                 = 335544320                                 {product} {ergonomic}
     uint ConcGCThreads                            = 1                                         {product} {ergonomic}
     uint G1ConcRefinementThreads                  = 4                                         {product} {ergonomic}
   size_t G1HeapRegionSize                         = 1048576                                   {product} {ergonomic}
    uintx GCDrainStackTargetSize                   = 64                                        {product} {ergonomic}
     bool HeapDumpOnOutOfMemoryError               = true                                   {manageable} {command line}
   size_t InitialHeapSize                          = 268435456                                 {product} {command line}
   size_t MarkStackSize                            = 4194304                                   {product} {ergonomic}
   size_t MaxHeapSize                              = 536870912                                 {product} {command line}
   size_t MaxMetaspaceSize                         = 402653184                                 {product} {command line}
   size_t MaxNewSize                               = 321912832                                 {product} {ergonomic}
   size_t MinHeapDeltaBytes                        = 1048576                                   {product} {ergonomic}
   size_t MinHeapSize                              = 268435456                                 {product} {command line}
    uintx NonNMethodCodeHeapSize                   = 5832780                                {pd product} {ergonomic}
    uintx NonProfiledCodeHeapSize                  = 122912730                              {pd product} {ergonomic}
    uintx ProfiledCodeHeapSize                     = 122912730                              {pd product} {ergonomic}
    uintx ReservedCodeCacheSize                    = 251658240                              {pd product} {ergonomic}
     bool SegmentedCodeCache                       = true                                      {product} {ergonomic}
   size_t SoftMaxHeapSize                          = 536870912                              {manageable} {ergonomic}
     bool UseCompressedOops                        = true                           {product lp64_product} {ergonomic}
     bool UseG1GC                                  = true                                      {product} {ergonomic}
     bool UseLargePagesIndividualAllocation        = false                                  {pd product} {ergonomic}

Logging:
Log output configuration:
 #0: stdout all=warning uptime,level,tags foldmultilines=false
 #1: stderr all=off uptime,level,tags foldmultilines=false

Environment Variables:
PATH=C:\app\OSCAR\product\18.0.0\dbhomeXE\bin;C:\Program Files\Eclipse Adoptium\jdk-21.0.4.7-hotspot\bin;C:\Program Files\Common Files\Oracle\Java\javapath;C:\Program Files\Microsoft SDKs\Azure\CLI2\wbin;C:\Program Files\AdoptOpenJDK\jre-11.0.7.10-hotspot\bin;C:\Program Files\Eclipse Foundation\jdk-8.0.302.8-hotspot\bin;C:\WINDOWS\system32;C:\WINDOWS;C:\WINDOWS\System32\Wbem;C:\WINDOWS\System32\WindowsPowerShell\v1.0\;C:\WINDOWS\System32\OpenSSH\;C:\Program Files\Microsoft SQL Server\130\Tools\Binn\;C:\Program Files\Microsoft SQL Server\Client SDK\ODBC\170\Tools\Binn\;C:\Program Files\Microsoft SQL Server\150\Tools\Binn\;C:\Program Files (x86)\Microchip\MPLAB C32 Suite\bin;C:\Program Files (x86)\Microsoft SQL Server\150\Tools\Binn\;C:\Program Files\Microsoft SQL Server\150\DTS\Binn\;C:\Program Files (x86)\Microsoft SQL Server\150\DTS\Binn\;C:\Program Files\Azure Data Studio\bin;C:\WINDOWS\system32;C:\WINDOWS;C:\WINDOWS\System32\Wbem;C:\WINDOWS\System32\WindowsPowerShell\v1.0\;C:\WINDOWS\System32\OpenSSH\;C:\Users\OSCAR\AppData\Roaming\nvm;C:\Program Files\nodejs;C:\Program Files\Git\cmd;C:\Program Files\nodejs\;C:\xampp\php;C:\Strawberry\c\bin;C:\Strawberry\perl\site\bin;C:\Strawberry\perl\bin;C:\Program Files\Amazon\AWSCLIV2\;C:\Program Files\Docker\Docker\resources\bin;C:\Python\Python311\Scripts\;C:\Python\Python311\;C:\Users\OSCAR\AppData\Local\Microsoft\WindowsApps;C:\Users\OSCAR\.dotnet\tools;C:\Program Files\Azure Data Studio\bin;C:\Users\OSCAR\AppData\Local\Programs\Microsoft VS Code\bin;C:\Users\OSCAR\AppData\Roaming\nvm;C:\Program Files\nodejs;C:\Users\OSCAR\AppData\Roaming\npm;C:\Users\OSCAR\OneDrive\Documentos\flutter\bin;C:\Users\OSCAR\Downloads\sonar-scanner-5.0.1.3006-windows\bin;C:\Users\OSCAR\Downloads\recordatorioapp\recordatorioapp\lib\domain\UI\flutter\bin;C:\cprogrma;;C:\Program Files\JetBrains\IntelliJ IDEA 2024.2.1\bin;
USERNAME=OSCAR
OS=Windows_NT
PROCESSOR_IDENTIFIER=AMD64 Family 23 Model 96 Stepping 1, AuthenticAMD
TMP=C:\Users\OSCAR\AppData\Local\Temp
TEMP=C:\Users\OSCAR\AppData\Local\Temp




Periodic native trim disabled

---------------  S Y S T E M  ---------------

OS:
 Windows 11 , 64 bit Build 22621 (10.0.22621.3958)
OS uptime: 1 days 20:29 hours
Hyper-V role detected

CPU: total 4 (initial active 4) (4 cores per cpu, 1 threads per core) family 23 model 96 stepping 1 microcode 0x0, cx8, cmov, fxsr, mmx, 3dnowpref, sse, sse2, sse3, ssse3, sse4a, sse4.1, sse4.2, popcnt, lzcnt, tsc, tscinvbit, avx, avx2, aes, clmul, bmi1, bmi2, adx, sha, fma, vzeroupper, clflush, clflushopt, hv, rdtscp, rdpid, f16c
Processor Information for all 4 processors :
  Max Mhz: 2700, Current Mhz: 2700, Mhz Limit: 2700

Memory: 4k page, system-wide physical 3447M (212M free)
TotalPageFile size 14199M (AvailPageFile size 48M)
current process WorkingSet (physical memory assigned to process): 149M, peak: 475M
current process commit charge ("private bytes"): 540M, peak: 553M

vm_info: OpenJDK 64-Bit Server VM (21.0.4+7-LTS) for windows-amd64 JRE (21.0.4+7-LTS), built on 2024-07-16T00:00:00Z by "admin" with MS VC++ 17.7 (VS2022)

END.
